[2.971s] DEBUG:colcon:Command line arguments: ['/usr/bin/colcon', 'build']
[2.972s] DEBUG:colcon:Parsed command line arguments: Namespace(log_base=None, log_level=None, verb_name='build', build_base='build', install_base='install', merge_install=False, symlink_install=False, test_result_base=None, continue_on_error=False, executor='parallel', parallel_workers=4, event_handlers=None, ignore_user_meta=False, metas=['./colcon.meta'], base_paths=['.'], packages_ignore=None, packages_ignore_regex=None, paths=None, packages_up_to=None, packages_up_to_regex=None, packages_above=None, packages_above_and_dependencies=None, packages_above_depth=None, packages_select_by_dep=None, packages_skip_by_dep=None, packages_skip_up_to=None, packages_select_build_failed=False, packages_skip_build_finished=False, packages_select_test_failures=False, packages_skip_test_passed=False, packages_select=None, packages_skip=None, packages_select_regex=None, packages_skip_regex=None, packages_start=None, packages_end=None, allow_overriding=[], cmake_args=None, cmake_target=None, cmake_target_skip_unavailable=False, cmake_clean_cache=False, cmake_clean_first=False, cmake_force_configure=False, meson_args=[], ament_cmake_args=None, catkin_cmake_args=None, catkin_skip_building_tests=False, mixin_files=None, mixin=None, verb_parser=<colcon_mixin.mixin.mixin_argument.MixinArgumentDecorator object at 0xffffaea16f50>, verb_extension=<colcon_core.verb.build.BuildVerb object at 0xffffaebb3ee0>, main=<bound method BuildVerb.main of <colcon_core.verb.build.BuildVerb object at 0xffffaebb3ee0>>, mixin_verb=('build',))
[5.608s] Level 1:colcon.colcon_core.package_discovery:discover_packages(colcon_meta) check parameters
[5.610s] Level 1:colcon.colcon_core.package_discovery:discover_packages(recursive) check parameters
[5.610s] Level 1:colcon.colcon_core.package_discovery:discover_packages(ignore) check parameters
[5.611s] Level 1:colcon.colcon_core.package_discovery:discover_packages(path) check parameters
[5.611s] Level 1:colcon.colcon_core.package_discovery:discover_packages(colcon_meta) discover
[5.612s] Level 1:colcon.colcon_core.package_discovery:discover_packages(recursive) discover
[5.613s] INFO:colcon.colcon_core.package_discovery:Crawling recursively for packages in '/home/rasprobo1/RoboIris'
[5.620s] Level 1:colcon.colcon_core.package_identification:_identify(.) by extensions ['ignore', 'ignore_ament_install']
[5.621s] Level 1:colcon.colcon_core.package_identification:_identify(.) by extension 'ignore'
[5.621s] Level 1:colcon.colcon_core.package_identification:_identify(.) by extension 'ignore_ament_install'
[5.622s] Level 1:colcon.colcon_core.package_identification:_identify(.) by extensions ['colcon_pkg']
[5.622s] Level 1:colcon.colcon_core.package_identification:_identify(.) by extension 'colcon_pkg'
[5.623s] Level 1:colcon.colcon_core.package_identification:_identify(.) by extensions ['colcon_meta']
[5.623s] Level 1:colcon.colcon_core.package_identification:_identify(.) by extension 'colcon_meta'
[5.624s] Level 1:colcon.colcon_core.package_identification:_identify(.) by extensions ['ros']
[5.624s] Level 1:colcon.colcon_core.package_identification:_identify(.) by extension 'ros'
[5.754s] Level 1:colcon.colcon_core.package_identification:_identify(.) by extensions ['cmake', 'meson', 'python']
[5.754s] Level 1:colcon.colcon_core.package_identification:_identify(.) by extension 'cmake'
[5.755s] Level 1:colcon.colcon_core.package_identification:_identify(.) by extension 'meson'
[5.758s] ERROR:colcon.colcon_core.package_identification:Exception in package identification extension 'meson' in '.': InterpreterBase.__init__() missing 2 required positional arguments: 'subproject_dir' and 'env'
Traceback (most recent call last):
  File "/usr/lib/python3/dist-packages/colcon_core/package_identification/__init__.py", line 144, in _identify
    retval = extension.identify(_reused_descriptor_instance)
  File "/usr/lib/python3/dist-packages/colcon_meson/identification.py", line 122, in identify
    parser = CustomInterpreter(desc.path, "", "")
  File "/usr/lib/python3/dist-packages/colcon_meson/identification.py", line 26, in __init__
    super().__init__(source_root, subdir, subproject)
TypeError: InterpreterBase.__init__() missing 2 required positional arguments: 'subproject_dir' and 'env'

[5.759s] Level 1:colcon.colcon_core.package_identification:_identify(.) by extension 'python'
[5.760s] Level 1:colcon.colcon_core.package_identification:_identify(.) by extensions ['python_setup_py']
[5.760s] Level 1:colcon.colcon_core.package_identification:_identify(.) by extension 'python_setup_py'
[5.762s] Level 1:colcon.colcon_core.package_identification:_identify(build) by extensions ['ignore', 'ignore_ament_install']
[5.762s] Level 1:colcon.colcon_core.package_identification:_identify(build) by extension 'ignore'
[5.763s] Level 1:colcon.colcon_core.package_identification:_identify(build) ignored
[5.765s] Level 1:colcon.colcon_core.package_identification:_identify(install) by extensions ['ignore', 'ignore_ament_install']
[5.766s] Level 1:colcon.colcon_core.package_identification:_identify(install) by extension 'ignore'
[5.766s] Level 1:colcon.colcon_core.package_identification:_identify(install) ignored
[5.768s] Level 1:colcon.colcon_core.package_identification:_identify(log) by extensions ['ignore', 'ignore_ament_install']
[5.769s] Level 1:colcon.colcon_core.package_identification:_identify(log) by extension 'ignore'
[5.769s] Level 1:colcon.colcon_core.package_identification:_identify(log) ignored
[5.770s] Level 1:colcon.colcon_core.package_identification:_identify(src) by extensions ['ignore', 'ignore_ament_install']
[5.771s] Level 1:colcon.colcon_core.package_identification:_identify(src) by extension 'ignore'
[5.772s] Level 1:colcon.colcon_core.package_identification:_identify(src) by extension 'ignore_ament_install'
[5.773s] Level 1:colcon.colcon_core.package_identification:_identify(src) by extensions ['colcon_pkg']
[5.773s] Level 1:colcon.colcon_core.package_identification:_identify(src) by extension 'colcon_pkg'
[5.774s] Level 1:colcon.colcon_core.package_identification:_identify(src) by extensions ['colcon_meta']
[5.774s] Level 1:colcon.colcon_core.package_identification:_identify(src) by extension 'colcon_meta'
[5.775s] Level 1:colcon.colcon_core.package_identification:_identify(src) by extensions ['ros']
[5.776s] Level 1:colcon.colcon_core.package_identification:_identify(src) by extension 'ros'
[5.777s] Level 1:colcon.colcon_core.package_identification:_identify(src) by extensions ['cmake', 'meson', 'python']
[5.778s] Level 1:colcon.colcon_core.package_identification:_identify(src) by extension 'cmake'
[5.778s] Level 1:colcon.colcon_core.package_identification:_identify(src) by extension 'meson'
[5.780s] ERROR:colcon.colcon_core.package_identification:Exception in package identification extension 'meson' in 'src': InterpreterBase.__init__() missing 2 required positional arguments: 'subproject_dir' and 'env'
Traceback (most recent call last):
  File "/usr/lib/python3/dist-packages/colcon_core/package_identification/__init__.py", line 144, in _identify
    retval = extension.identify(_reused_descriptor_instance)
  File "/usr/lib/python3/dist-packages/colcon_meson/identification.py", line 122, in identify
    parser = CustomInterpreter(desc.path, "", "")
  File "/usr/lib/python3/dist-packages/colcon_meson/identification.py", line 26, in __init__
    super().__init__(source_root, subdir, subproject)
TypeError: InterpreterBase.__init__() missing 2 required positional arguments: 'subproject_dir' and 'env'

[5.781s] Level 1:colcon.colcon_core.package_identification:_identify(src) by extension 'python'
[5.782s] Level 1:colcon.colcon_core.package_identification:_identify(src) by extensions ['python_setup_py']
[5.782s] Level 1:colcon.colcon_core.package_identification:_identify(src) by extension 'python_setup_py'
[5.784s] Level 1:colcon.colcon_core.package_identification:_identify(src/arduino_bridge) by extensions ['ignore', 'ignore_ament_install']
[5.785s] Level 1:colcon.colcon_core.package_identification:_identify(src/arduino_bridge) by extension 'ignore'
[5.786s] Level 1:colcon.colcon_core.package_identification:_identify(src/arduino_bridge) by extension 'ignore_ament_install'
[5.787s] Level 1:colcon.colcon_core.package_identification:_identify(src/arduino_bridge) by extensions ['colcon_pkg']
[5.787s] Level 1:colcon.colcon_core.package_identification:_identify(src/arduino_bridge) by extension 'colcon_pkg'
[5.788s] Level 1:colcon.colcon_core.package_identification:_identify(src/arduino_bridge) by extensions ['colcon_meta']
[5.788s] Level 1:colcon.colcon_core.package_identification:_identify(src/arduino_bridge) by extension 'colcon_meta'
[5.789s] Level 1:colcon.colcon_core.package_identification:_identify(src/arduino_bridge) by extensions ['ros']
[5.789s] Level 1:colcon.colcon_core.package_identification:_identify(src/arduino_bridge) by extension 'ros'
[5.816s] DEBUG:colcon.colcon_core.package_identification:Package 'src/arduino_bridge' with type 'ros.ament_python' and name 'arduino_bridge'
[5.818s] Level 1:colcon.colcon_core.package_identification:_identify(src/face_detector) by extensions ['ignore', 'ignore_ament_install']
[5.819s] Level 1:colcon.colcon_core.package_identification:_identify(src/face_detector) by extension 'ignore'
[5.820s] Level 1:colcon.colcon_core.package_identification:_identify(src/face_detector) by extension 'ignore_ament_install'
[5.820s] Level 1:colcon.colcon_core.package_identification:_identify(src/face_detector) by extensions ['colcon_pkg']
[5.821s] Level 1:colcon.colcon_core.package_identification:_identify(src/face_detector) by extension 'colcon_pkg'
[5.821s] Level 1:colcon.colcon_core.package_identification:_identify(src/face_detector) by extensions ['colcon_meta']
[5.821s] Level 1:colcon.colcon_core.package_identification:_identify(src/face_detector) by extension 'colcon_meta'
[5.822s] Level 1:colcon.colcon_core.package_identification:_identify(src/face_detector) by extensions ['ros']
[5.822s] Level 1:colcon.colcon_core.package_identification:_identify(src/face_detector) by extension 'ros'
[5.832s] DEBUG:colcon.colcon_core.package_identification:Package 'src/face_detector' with type 'ros.ament_python' and name 'face_detector'
[5.833s] Level 1:colcon.colcon_core.package_identification:_identify(src/object_detector) by extensions ['ignore', 'ignore_ament_install']
[5.834s] Level 1:colcon.colcon_core.package_identification:_identify(src/object_detector) by extension 'ignore'
[5.835s] Level 1:colcon.colcon_core.package_identification:_identify(src/object_detector) by extension 'ignore_ament_install'
[5.836s] Level 1:colcon.colcon_core.package_identification:_identify(src/object_detector) by extensions ['colcon_pkg']
[5.836s] Level 1:colcon.colcon_core.package_identification:_identify(src/object_detector) by extension 'colcon_pkg'
[5.837s] Level 1:colcon.colcon_core.package_identification:_identify(src/object_detector) by extensions ['colcon_meta']
[5.837s] Level 1:colcon.colcon_core.package_identification:_identify(src/object_detector) by extension 'colcon_meta'
[5.837s] Level 1:colcon.colcon_core.package_identification:_identify(src/object_detector) by extensions ['ros']
[5.838s] Level 1:colcon.colcon_core.package_identification:_identify(src/object_detector) by extension 'ros'
[5.847s] DEBUG:colcon.colcon_core.package_identification:Package 'src/object_detector' with type 'ros.ament_python' and name 'object_detector'
[5.848s] Level 1:colcon.colcon_core.package_discovery:discover_packages(recursive) using defaults
[5.849s] Level 1:colcon.colcon_core.package_discovery:discover_packages(ignore) discover
[5.849s] Level 1:colcon.colcon_core.package_discovery:discover_packages(ignore) using defaults
[5.849s] Level 1:colcon.colcon_core.package_discovery:discover_packages(path) discover
[5.850s] Level 1:colcon.colcon_core.package_discovery:discover_packages(path) using defaults
[6.057s] Level 1:colcon.colcon_core.package_discovery:discover_packages(prefix_path) check parameters
[6.058s] Level 1:colcon.colcon_core.package_discovery:discover_packages(prefix_path) discover
[6.085s] DEBUG:colcon.colcon_installed_package_information.package_discovery:Found 3 installed packages in /home/rasprobo1/RoboIris/install
[6.117s] DEBUG:colcon.colcon_installed_package_information.package_discovery:Found 324 installed packages in /opt/ros/humble
[6.140s] Level 1:colcon.colcon_core.package_discovery:discover_packages(prefix_path) using defaults
[6.968s] Level 5:colcon.colcon_core.verb:set package 'arduino_bridge' build argument 'cmake_args' from command line to 'None'
[6.968s] Level 5:colcon.colcon_core.verb:set package 'arduino_bridge' build argument 'cmake_target' from command line to 'None'
[6.969s] Level 5:colcon.colcon_core.verb:set package 'arduino_bridge' build argument 'cmake_target_skip_unavailable' from command line to 'False'
[6.969s] Level 5:colcon.colcon_core.verb:set package 'arduino_bridge' build argument 'cmake_clean_cache' from command line to 'False'
[6.969s] Level 5:colcon.colcon_core.verb:set package 'arduino_bridge' build argument 'cmake_clean_first' from command line to 'False'
[6.970s] Level 5:colcon.colcon_core.verb:set package 'arduino_bridge' build argument 'cmake_force_configure' from command line to 'False'
[6.970s] Level 5:colcon.colcon_core.verb:set package 'arduino_bridge' build argument 'meson_args' from command line to '[]'
[6.970s] Level 5:colcon.colcon_core.verb:set package 'arduino_bridge' build argument 'ament_cmake_args' from command line to 'None'
[6.971s] Level 5:colcon.colcon_core.verb:set package 'arduino_bridge' build argument 'catkin_cmake_args' from command line to 'None'
[6.971s] Level 5:colcon.colcon_core.verb:set package 'arduino_bridge' build argument 'catkin_skip_building_tests' from command line to 'False'
[6.971s] DEBUG:colcon.colcon_core.verb:Building package 'arduino_bridge' with the following arguments: {'ament_cmake_args': None, 'build_base': '/home/rasprobo1/RoboIris/build/arduino_bridge', 'catkin_cmake_args': None, 'catkin_skip_building_tests': False, 'cmake_args': None, 'cmake_clean_cache': False, 'cmake_clean_first': False, 'cmake_force_configure': False, 'cmake_target': None, 'cmake_target_skip_unavailable': False, 'install_base': '/home/rasprobo1/RoboIris/install/arduino_bridge', 'merge_install': False, 'meson_args': [], 'path': '/home/rasprobo1/RoboIris/src/arduino_bridge', 'symlink_install': False, 'test_result_base': None}
[7.185s] Level 5:colcon.colcon_core.verb:set package 'face_detector' build argument 'cmake_args' from command line to 'None'
[7.185s] Level 5:colcon.colcon_core.verb:set package 'face_detector' build argument 'cmake_target' from command line to 'None'
[7.185s] Level 5:colcon.colcon_core.verb:set package 'face_detector' build argument 'cmake_target_skip_unavailable' from command line to 'False'
[7.186s] Level 5:colcon.colcon_core.verb:set package 'face_detector' build argument 'cmake_clean_cache' from command line to 'False'
[7.186s] Level 5:colcon.colcon_core.verb:set package 'face_detector' build argument 'cmake_clean_first' from command line to 'False'
[7.186s] Level 5:colcon.colcon_core.verb:set package 'face_detector' build argument 'cmake_force_configure' from command line to 'False'
[7.187s] Level 5:colcon.colcon_core.verb:set package 'face_detector' build argument 'meson_args' from command line to '[]'
[7.187s] Level 5:colcon.colcon_core.verb:set package 'face_detector' build argument 'ament_cmake_args' from command line to 'None'
[7.188s] Level 5:colcon.colcon_core.verb:set package 'face_detector' build argument 'catkin_cmake_args' from command line to 'None'
[7.188s] Level 5:colcon.colcon_core.verb:set package 'face_detector' build argument 'catkin_skip_building_tests' from command line to 'False'
[7.188s] DEBUG:colcon.colcon_core.verb:Building package 'face_detector' with the following arguments: {'ament_cmake_args': None, 'build_base': '/home/rasprobo1/RoboIris/build/face_detector', 'catkin_cmake_args': None, 'catkin_skip_building_tests': False, 'cmake_args': None, 'cmake_clean_cache': False, 'cmake_clean_first': False, 'cmake_force_configure': False, 'cmake_target': None, 'cmake_target_skip_unavailable': False, 'install_base': '/home/rasprobo1/RoboIris/install/face_detector', 'merge_install': False, 'meson_args': [], 'path': '/home/rasprobo1/RoboIris/src/face_detector', 'symlink_install': False, 'test_result_base': None}
[7.407s] Level 5:colcon.colcon_core.verb:set package 'object_detector' build argument 'cmake_args' from command line to 'None'
[7.408s] Level 5:colcon.colcon_core.verb:set package 'object_detector' build argument 'cmake_target' from command line to 'None'
[7.408s] Level 5:colcon.colcon_core.verb:set package 'object_detector' build argument 'cmake_target_skip_unavailable' from command line to 'False'
[7.409s] Level 5:colcon.colcon_core.verb:set package 'object_detector' build argument 'cmake_clean_cache' from command line to 'False'
[7.409s] Level 5:colcon.colcon_core.verb:set package 'object_detector' build argument 'cmake_clean_first' from command line to 'False'
[7.409s] Level 5:colcon.colcon_core.verb:set package 'object_detector' build argument 'cmake_force_configure' from command line to 'False'
[7.410s] Level 5:colcon.colcon_core.verb:set package 'object_detector' build argument 'meson_args' from command line to '[]'
[7.410s] Level 5:colcon.colcon_core.verb:set package 'object_detector' build argument 'ament_cmake_args' from command line to 'None'
[7.411s] Level 5:colcon.colcon_core.verb:set package 'object_detector' build argument 'catkin_cmake_args' from command line to 'None'
[7.411s] Level 5:colcon.colcon_core.verb:set package 'object_detector' build argument 'catkin_skip_building_tests' from command line to 'False'
[7.412s] DEBUG:colcon.colcon_core.verb:Building package 'object_detector' with the following arguments: {'ament_cmake_args': None, 'build_base': '/home/rasprobo1/RoboIris/build/object_detector', 'catkin_cmake_args': None, 'catkin_skip_building_tests': False, 'cmake_args': None, 'cmake_clean_cache': False, 'cmake_clean_first': False, 'cmake_force_configure': False, 'cmake_target': None, 'cmake_target_skip_unavailable': False, 'install_base': '/home/rasprobo1/RoboIris/install/object_detector', 'merge_install': False, 'meson_args': [], 'path': '/home/rasprobo1/RoboIris/src/object_detector', 'symlink_install': False, 'test_result_base': None}
[7.413s] INFO:colcon.colcon_core.executor:Executing jobs using 'parallel' executor
[7.422s] DEBUG:colcon.colcon_parallel_executor.executor.parallel:run_until_complete
[7.424s] INFO:colcon.colcon_ros.task.ament_python.build:Building ROS package in '/home/rasprobo1/RoboIris/src/arduino_bridge' with build type 'ament_python'
[7.426s] Level 1:colcon.colcon_core.shell:create_environment_hook('arduino_bridge', 'ament_prefix_path')
[7.454s] INFO:colcon.colcon_core.plugin_system:Skipping extension 'colcon_core.shell.bat': Not used on non-Windows systems
[7.457s] INFO:colcon.colcon_core.shell:Creating environment hook '/home/rasprobo1/RoboIris/install/arduino_bridge/share/arduino_bridge/hook/ament_prefix_path.ps1'
[7.464s] INFO:colcon.colcon_core.shell:Creating environment descriptor '/home/rasprobo1/RoboIris/install/arduino_bridge/share/arduino_bridge/hook/ament_prefix_path.dsv'
[7.469s] INFO:colcon.colcon_core.shell:Creating environment hook '/home/rasprobo1/RoboIris/install/arduino_bridge/share/arduino_bridge/hook/ament_prefix_path.sh'
[7.480s] INFO:colcon.colcon_core.shell:Skip shell extension 'powershell' for command environment: Not usable outside of PowerShell
[7.481s] DEBUG:colcon.colcon_core.shell:Skip shell extension 'dsv' for command environment
[7.546s] INFO:colcon.colcon_ros.task.ament_python.build:Building ROS package in '/home/rasprobo1/RoboIris/src/face_detector' with build type 'ament_python'
[7.548s] Level 1:colcon.colcon_core.shell:create_environment_hook('face_detector', 'ament_prefix_path')
[7.551s] INFO:colcon.colcon_core.shell:Creating environment hook '/home/rasprobo1/RoboIris/install/face_detector/share/face_detector/hook/ament_prefix_path.ps1'
[7.557s] INFO:colcon.colcon_core.shell:Creating environment descriptor '/home/rasprobo1/RoboIris/install/face_detector/share/face_detector/hook/ament_prefix_path.dsv'
[7.562s] INFO:colcon.colcon_core.shell:Creating environment hook '/home/rasprobo1/RoboIris/install/face_detector/share/face_detector/hook/ament_prefix_path.sh'
[7.568s] INFO:colcon.colcon_core.shell:Skip shell extension 'powershell' for command environment: Not usable outside of PowerShell
[7.569s] DEBUG:colcon.colcon_core.shell:Skip shell extension 'dsv' for command environment
[7.624s] INFO:colcon.colcon_ros.task.ament_python.build:Building ROS package in '/home/rasprobo1/RoboIris/src/object_detector' with build type 'ament_python'
[7.625s] Level 1:colcon.colcon_core.shell:create_environment_hook('object_detector', 'ament_prefix_path')
[7.627s] INFO:colcon.colcon_core.shell:Creating environment hook '/home/rasprobo1/RoboIris/install/object_detector/share/object_detector/hook/ament_prefix_path.ps1'
[7.633s] INFO:colcon.colcon_core.shell:Creating environment descriptor '/home/rasprobo1/RoboIris/install/object_detector/share/object_detector/hook/ament_prefix_path.dsv'
[7.638s] INFO:colcon.colcon_core.shell:Creating environment hook '/home/rasprobo1/RoboIris/install/object_detector/share/object_detector/hook/ament_prefix_path.sh'
[7.645s] INFO:colcon.colcon_core.shell:Skip shell extension 'powershell' for command environment: Not usable outside of PowerShell
[7.646s] DEBUG:colcon.colcon_core.shell:Skip shell extension 'dsv' for command environment
[11.067s] INFO:colcon.colcon_core.task.python.build:Building Python package in '/home/rasprobo1/RoboIris/src/arduino_bridge'
[11.070s] INFO:colcon.colcon_core.shell:Skip shell extension 'powershell' for command environment: Not usable outside of PowerShell
[11.070s] DEBUG:colcon.colcon_core.shell:Skip shell extension 'dsv' for command environment
[14.541s] INFO:colcon.colcon_core.task.python.build:Building Python package in '/home/rasprobo1/RoboIris/src/face_detector'
[14.544s] INFO:colcon.colcon_core.shell:Skip shell extension 'powershell' for command environment: Not usable outside of PowerShell
[14.545s] DEBUG:colcon.colcon_core.shell:Skip shell extension 'dsv' for command environment
[18.003s] INFO:colcon.colcon_core.task.python.build:Building Python package in '/home/rasprobo1/RoboIris/src/object_detector'
[18.005s] INFO:colcon.colcon_core.shell:Skip shell extension 'powershell' for command environment: Not usable outside of PowerShell
[18.006s] DEBUG:colcon.colcon_core.shell:Skip shell extension 'dsv' for command environment
[24.031s] DEBUG:colcon.colcon_core.event_handler.log_command:Invoking command in '/home/rasprobo1/RoboIris/src/arduino_bridge': PYTHONPATH=/home/rasprobo1/RoboIris/build/arduino_bridge/prefix_override:/usr/lib/python3/dist-packages/colcon_core/task/python/colcon_distutils_commands:/home/rasprobo1/RoboIris/install/arduino_bridge/lib/python3.10/site-packages:${PYTHONPATH} /usr/bin/python3 -W ignore:setup.py install is deprecated -W ignore:easy_install command is deprecated setup.py egg_info --egg-base ../../build/arduino_bridge build --build-base /home/rasprobo1/RoboIris/build/arduino_bridge/build install --record /home/rasprobo1/RoboIris/build/arduino_bridge/install.log --single-version-externally-managed install_data
[24.136s] DEBUG:colcon.colcon_core.event_handler.log_command:Invoking command in '/home/rasprobo1/RoboIris/src/face_detector': PYTHONPATH=/home/rasprobo1/RoboIris/build/face_detector/prefix_override:/usr/lib/python3/dist-packages/colcon_core/task/python/colcon_distutils_commands:/home/rasprobo1/RoboIris/install/face_detector/lib/python3.10/site-packages:${PYTHONPATH} /usr/bin/python3 -W ignore:setup.py install is deprecated -W ignore:easy_install command is deprecated setup.py egg_info --egg-base ../../build/face_detector build --build-base /home/rasprobo1/RoboIris/build/face_detector/build install --record /home/rasprobo1/RoboIris/build/face_detector/install.log --single-version-externally-managed install_data
[24.250s] DEBUG:colcon.colcon_core.event_handler.log_command:Invoking command in '/home/rasprobo1/RoboIris/src/object_detector': PYTHONPATH=/home/rasprobo1/RoboIris/build/object_detector/prefix_override:/usr/lib/python3/dist-packages/colcon_core/task/python/colcon_distutils_commands:/home/rasprobo1/RoboIris/install/object_detector/lib/python3.10/site-packages:${PYTHONPATH} /usr/bin/python3 -W ignore:setup.py install is deprecated -W ignore:easy_install command is deprecated setup.py egg_info --egg-base ../../build/object_detector build --build-base /home/rasprobo1/RoboIris/build/object_detector/build install --record /home/rasprobo1/RoboIris/build/object_detector/install.log --single-version-externally-managed install_data
[29.423s] DEBUG:colcon.colcon_core.event_handler.log_command:Invoked command in '/home/rasprobo1/RoboIris/src/face_detector' returned '0': PYTHONPATH=/home/rasprobo1/RoboIris/build/face_detector/prefix_override:/usr/lib/python3/dist-packages/colcon_core/task/python/colcon_distutils_commands:/home/rasprobo1/RoboIris/install/face_detector/lib/python3.10/site-packages:${PYTHONPATH} /usr/bin/python3 -W ignore:setup.py install is deprecated -W ignore:easy_install command is deprecated setup.py egg_info --egg-base ../../build/face_detector build --build-base /home/rasprobo1/RoboIris/build/face_detector/build install --record /home/rasprobo1/RoboIris/build/face_detector/install.log --single-version-externally-managed install_data
[29.481s] Level 1:colcon.colcon_core.environment:checking '/home/rasprobo1/RoboIris/install/face_detector' for CMake module files
[29.488s] Level 1:colcon.colcon_core.environment:checking '/home/rasprobo1/RoboIris/install/face_detector' for CMake config files
[29.503s] Level 1:colcon.colcon_core.environment:checking '/home/rasprobo1/RoboIris/install/face_detector/lib'
[29.507s] Level 1:colcon.colcon_core.environment:checking '/home/rasprobo1/RoboIris/install/face_detector/bin'
[29.508s] Level 1:colcon.colcon_core.environment:checking '/home/rasprobo1/RoboIris/install/face_detector/lib/pkgconfig/face_detector.pc'
[29.512s] Level 1:colcon.colcon_core.environment:checking '/home/rasprobo1/RoboIris/install/face_detector/lib/python3.10/site-packages'
[29.513s] Level 1:colcon.colcon_core.shell:create_environment_hook('face_detector', 'pythonpath')
[29.516s] INFO:colcon.colcon_core.shell:Creating environment hook '/home/rasprobo1/RoboIris/install/face_detector/share/face_detector/hook/pythonpath.ps1'
[29.523s] INFO:colcon.colcon_core.shell:Creating environment descriptor '/home/rasprobo1/RoboIris/install/face_detector/share/face_detector/hook/pythonpath.dsv'
[29.529s] INFO:colcon.colcon_core.shell:Creating environment hook '/home/rasprobo1/RoboIris/install/face_detector/share/face_detector/hook/pythonpath.sh'
[29.538s] Level 1:colcon.colcon_core.environment:checking '/home/rasprobo1/RoboIris/install/face_detector/bin'
[29.539s] Level 1:colcon.colcon_core.environment:create_environment_scripts_only(face_detector)
[29.543s] INFO:colcon.colcon_core.shell:Creating package script '/home/rasprobo1/RoboIris/install/face_detector/share/face_detector/package.ps1'
[29.555s] INFO:colcon.colcon_core.shell:Creating package descriptor '/home/rasprobo1/RoboIris/install/face_detector/share/face_detector/package.dsv'
[29.561s] INFO:colcon.colcon_core.shell:Creating package script '/home/rasprobo1/RoboIris/install/face_detector/share/face_detector/package.sh'
[29.570s] INFO:colcon.colcon_core.shell:Creating package script '/home/rasprobo1/RoboIris/install/face_detector/share/face_detector/package.bash'
[29.580s] INFO:colcon.colcon_core.shell:Creating package script '/home/rasprobo1/RoboIris/install/face_detector/share/face_detector/package.zsh'
[29.588s] Level 1:colcon.colcon_core.environment:create_file_with_runtime_dependencies(/home/rasprobo1/RoboIris/install/face_detector/share/colcon-core/packages/face_detector)
[29.600s] Level 1:colcon.colcon_core.environment:checking '/home/rasprobo1/RoboIris/install/arduino_bridge' for CMake module files
[29.608s] DEBUG:colcon.colcon_core.event_handler.log_command:Invoked command in '/home/rasprobo1/RoboIris/src/arduino_bridge' returned '0': PYTHONPATH=/home/rasprobo1/RoboIris/build/arduino_bridge/prefix_override:/usr/lib/python3/dist-packages/colcon_core/task/python/colcon_distutils_commands:/home/rasprobo1/RoboIris/install/arduino_bridge/lib/python3.10/site-packages:${PYTHONPATH} /usr/bin/python3 -W ignore:setup.py install is deprecated -W ignore:easy_install command is deprecated setup.py egg_info --egg-base ../../build/arduino_bridge build --build-base /home/rasprobo1/RoboIris/build/arduino_bridge/build install --record /home/rasprobo1/RoboIris/build/arduino_bridge/install.log --single-version-externally-managed install_data
[29.610s] Level 1:colcon.colcon_core.environment:checking '/home/rasprobo1/RoboIris/install/arduino_bridge' for CMake config files
[29.615s] Level 1:colcon.colcon_core.environment:checking '/home/rasprobo1/RoboIris/install/arduino_bridge/lib'
[29.615s] Level 1:colcon.colcon_core.environment:checking '/home/rasprobo1/RoboIris/install/arduino_bridge/bin'
[29.616s] Level 1:colcon.colcon_core.environment:checking '/home/rasprobo1/RoboIris/install/arduino_bridge/lib/pkgconfig/arduino_bridge.pc'
[29.617s] Level 1:colcon.colcon_core.environment:checking '/home/rasprobo1/RoboIris/install/arduino_bridge/lib/python3.10/site-packages'
[29.617s] Level 1:colcon.colcon_core.shell:create_environment_hook('arduino_bridge', 'pythonpath')
[29.618s] INFO:colcon.colcon_core.shell:Creating environment hook '/home/rasprobo1/RoboIris/install/arduino_bridge/share/arduino_bridge/hook/pythonpath.ps1'
[29.620s] INFO:colcon.colcon_core.shell:Creating environment descriptor '/home/rasprobo1/RoboIris/install/arduino_bridge/share/arduino_bridge/hook/pythonpath.dsv'
[29.622s] INFO:colcon.colcon_core.shell:Creating environment hook '/home/rasprobo1/RoboIris/install/arduino_bridge/share/arduino_bridge/hook/pythonpath.sh'
[29.625s] Level 1:colcon.colcon_core.environment:checking '/home/rasprobo1/RoboIris/install/arduino_bridge/bin'
[29.625s] Level 1:colcon.colcon_core.environment:create_environment_scripts_only(arduino_bridge)
[29.626s] INFO:colcon.colcon_core.shell:Creating package script '/home/rasprobo1/RoboIris/install/arduino_bridge/share/arduino_bridge/package.ps1'
[29.629s] INFO:colcon.colcon_core.shell:Creating package descriptor '/home/rasprobo1/RoboIris/install/arduino_bridge/share/arduino_bridge/package.dsv'
[29.631s] INFO:colcon.colcon_core.shell:Creating package script '/home/rasprobo1/RoboIris/install/arduino_bridge/share/arduino_bridge/package.sh'
[29.633s] INFO:colcon.colcon_core.shell:Creating package script '/home/rasprobo1/RoboIris/install/arduino_bridge/share/arduino_bridge/package.bash'
[29.635s] INFO:colcon.colcon_core.shell:Creating package script '/home/rasprobo1/RoboIris/install/arduino_bridge/share/arduino_bridge/package.zsh'
[29.637s] Level 1:colcon.colcon_core.environment:create_file_with_runtime_dependencies(/home/rasprobo1/RoboIris/install/arduino_bridge/share/colcon-core/packages/arduino_bridge)
[29.641s] Level 1:colcon.colcon_core.environment:checking '/home/rasprobo1/RoboIris/install/object_detector' for CMake module files
[29.647s] DEBUG:colcon.colcon_core.event_handler.log_command:Invoked command in '/home/rasprobo1/RoboIris/src/object_detector' returned '0': PYTHONPATH=/home/rasprobo1/RoboIris/build/object_detector/prefix_override:/usr/lib/python3/dist-packages/colcon_core/task/python/colcon_distutils_commands:/home/rasprobo1/RoboIris/install/object_detector/lib/python3.10/site-packages:${PYTHONPATH} /usr/bin/python3 -W ignore:setup.py install is deprecated -W ignore:easy_install command is deprecated setup.py egg_info --egg-base ../../build/object_detector build --build-base /home/rasprobo1/RoboIris/build/object_detector/build install --record /home/rasprobo1/RoboIris/build/object_detector/install.log --single-version-externally-managed install_data
[29.648s] Level 1:colcon.colcon_core.environment:checking '/home/rasprobo1/RoboIris/install/object_detector' for CMake config files
[29.657s] Level 1:colcon.colcon_core.environment:checking '/home/rasprobo1/RoboIris/install/object_detector/lib'
[29.658s] Level 1:colcon.colcon_core.environment:checking '/home/rasprobo1/RoboIris/install/object_detector/bin'
[29.659s] Level 1:colcon.colcon_core.environment:checking '/home/rasprobo1/RoboIris/install/object_detector/lib/pkgconfig/object_detector.pc'
[29.661s] Level 1:colcon.colcon_core.environment:checking '/home/rasprobo1/RoboIris/install/object_detector/lib/python3.10/site-packages'
[29.662s] Level 1:colcon.colcon_core.shell:create_environment_hook('object_detector', 'pythonpath')
[29.664s] INFO:colcon.colcon_core.shell:Creating environment hook '/home/rasprobo1/RoboIris/install/object_detector/share/object_detector/hook/pythonpath.ps1'
[29.669s] INFO:colcon.colcon_core.shell:Creating environment descriptor '/home/rasprobo1/RoboIris/install/object_detector/share/object_detector/hook/pythonpath.dsv'
[29.673s] INFO:colcon.colcon_core.shell:Creating environment hook '/home/rasprobo1/RoboIris/install/object_detector/share/object_detector/hook/pythonpath.sh'
[29.681s] Level 1:colcon.colcon_core.environment:checking '/home/rasprobo1/RoboIris/install/object_detector/bin'
[29.682s] Level 1:colcon.colcon_core.environment:create_environment_scripts_only(object_detector)
[29.686s] INFO:colcon.colcon_core.shell:Creating package script '/home/rasprobo1/RoboIris/install/object_detector/share/object_detector/package.ps1'
[29.691s] INFO:colcon.colcon_core.shell:Creating package descriptor '/home/rasprobo1/RoboIris/install/object_detector/share/object_detector/package.dsv'
[29.697s] INFO:colcon.colcon_core.shell:Creating package script '/home/rasprobo1/RoboIris/install/object_detector/share/object_detector/package.sh'
[29.702s] INFO:colcon.colcon_core.shell:Creating package script '/home/rasprobo1/RoboIris/install/object_detector/share/object_detector/package.bash'
[29.707s] INFO:colcon.colcon_core.shell:Creating package script '/home/rasprobo1/RoboIris/install/object_detector/share/object_detector/package.zsh'
[29.712s] Level 1:colcon.colcon_core.environment:create_file_with_runtime_dependencies(/home/rasprobo1/RoboIris/install/object_detector/share/colcon-core/packages/object_detector)
[29.715s] DEBUG:colcon.colcon_parallel_executor.executor.parallel:closing loop
[29.719s] DEBUG:colcon.colcon_parallel_executor.executor.parallel:loop closed
[29.720s] DEBUG:colcon.colcon_parallel_executor.executor.parallel:run_until_complete finished with '0'
[29.721s] DEBUG:colcon.colcon_core.event_reactor:joining thread
[29.774s] INFO:colcon.colcon_core.plugin_system:Skipping extension 'colcon_notification.desktop_notification.notify_send': Could not find 'notify-send'
[29.775s] INFO:colcon.colcon_core.plugin_system:Skipping extension 'colcon_notification.desktop_notification.terminal_notifier': Not used on non-Darwin systems
[29.776s] INFO:colcon.colcon_core.plugin_system:Skipping extension 'colcon_notification.desktop_notification.win32': Not used on non-Windows systems
[29.777s] INFO:colcon.colcon_notification.desktop_notification:Sending desktop notification using 'notify2'
[29.786s] DEBUG:colcon.colcon_notification.desktop_notification.notify2:Failed to initialize notify2: org.freedesktop.DBus.Error.ServiceUnknown: The name org.freedesktop.Notifications was not provided by any .service files
[29.787s] DEBUG:colcon.colcon_core.event_reactor:joined thread
[29.790s] INFO:colcon.colcon_core.shell:Creating prefix script '/home/rasprobo1/RoboIris/install/local_setup.ps1'
[29.804s] INFO:colcon.colcon_core.shell:Creating prefix util module '/home/rasprobo1/RoboIris/install/_local_setup_util_ps1.py'
[29.821s] INFO:colcon.colcon_core.shell:Creating prefix chain script '/home/rasprobo1/RoboIris/install/setup.ps1'
[29.833s] INFO:colcon.colcon_core.shell:Creating prefix script '/home/rasprobo1/RoboIris/install/local_setup.sh'
[29.840s] INFO:colcon.colcon_core.shell:Creating prefix util module '/home/rasprobo1/RoboIris/install/_local_setup_util_sh.py'
[29.848s] INFO:colcon.colcon_core.shell:Creating prefix chain script '/home/rasprobo1/RoboIris/install/setup.sh'
[29.861s] INFO:colcon.colcon_core.shell:Creating prefix script '/home/rasprobo1/RoboIris/install/local_setup.bash'
[29.867s] INFO:colcon.colcon_core.shell:Creating prefix chain script '/home/rasprobo1/RoboIris/install/setup.bash'
[29.881s] INFO:colcon.colcon_core.shell:Creating prefix script '/home/rasprobo1/RoboIris/install/local_setup.zsh'
[29.887s] INFO:colcon.colcon_core.shell:Creating prefix chain script '/home/rasprobo1/RoboIris/install/setup.zsh'
