[2.716s] DEBUG:colcon:Command line arguments: ['/usr/bin/colcon', 'build']
[2.717s] DEBUG:colcon:Parsed command line arguments: Namespace(log_base=None, log_level=None, verb_name='build', build_base='build', install_base='install', merge_install=False, symlink_install=False, test_result_base=None, continue_on_error=False, executor='parallel', parallel_workers=4, event_handlers=None, ignore_user_meta=False, metas=['./colcon.meta'], base_paths=['.'], packages_ignore=None, packages_ignore_regex=None, paths=None, packages_up_to=None, packages_up_to_regex=None, packages_above=None, packages_above_and_dependencies=None, packages_above_depth=None, packages_select_by_dep=None, packages_skip_by_dep=None, packages_skip_up_to=None, packages_select_build_failed=False, packages_skip_build_finished=False, packages_select_test_failures=False, packages_skip_test_passed=False, packages_select=None, packages_skip=None, packages_select_regex=None, packages_skip_regex=None, packages_start=None, packages_end=None, allow_overriding=[], cmake_args=None, cmake_target=None, cmake_target_skip_unavailable=False, cmake_clean_cache=False, cmake_clean_first=False, cmake_force_configure=False, meson_args=[], ament_cmake_args=None, catkin_cmake_args=None, catkin_skip_building_tests=False, mixin_files=None, mixin=None, verb_parser=<colcon_mixin.mixin.mixin_argument.MixinArgumentDecorator object at 0xffff9edd6f50>, verb_extension=<colcon_core.verb.build.BuildVerb object at 0xffff9ef73ee0>, main=<bound method BuildVerb.main of <colcon_core.verb.build.BuildVerb object at 0xffff9ef73ee0>>, mixin_verb=('build',))
[5.360s] Level 1:colcon.colcon_core.package_discovery:discover_packages(colcon_meta) check parameters
[5.361s] Level 1:colcon.colcon_core.package_discovery:discover_packages(recursive) check parameters
[5.362s] Level 1:colcon.colcon_core.package_discovery:discover_packages(ignore) check parameters
[5.362s] Level 1:colcon.colcon_core.package_discovery:discover_packages(path) check parameters
[5.363s] Level 1:colcon.colcon_core.package_discovery:discover_packages(colcon_meta) discover
[5.369s] Level 1:colcon.colcon_core.package_discovery:discover_packages(recursive) discover
[5.370s] INFO:colcon.colcon_core.package_discovery:Crawling recursively for packages in '/home/rasprobo1/RoboIris'
[5.371s] Level 1:colcon.colcon_core.package_identification:_identify(.) by extensions ['ignore', 'ignore_ament_install']
[5.372s] Level 1:colcon.colcon_core.package_identification:_identify(.) by extension 'ignore'
[5.372s] Level 1:colcon.colcon_core.package_identification:_identify(.) by extension 'ignore_ament_install'
[5.373s] Level 1:colcon.colcon_core.package_identification:_identify(.) by extensions ['colcon_pkg']
[5.373s] Level 1:colcon.colcon_core.package_identification:_identify(.) by extension 'colcon_pkg'
[5.374s] Level 1:colcon.colcon_core.package_identification:_identify(.) by extensions ['colcon_meta']
[5.374s] Level 1:colcon.colcon_core.package_identification:_identify(.) by extension 'colcon_meta'
[5.375s] Level 1:colcon.colcon_core.package_identification:_identify(.) by extensions ['ros']
[5.375s] Level 1:colcon.colcon_core.package_identification:_identify(.) by extension 'ros'
[5.497s] Level 1:colcon.colcon_core.package_identification:_identify(.) by extensions ['cmake', 'meson', 'python']
[5.498s] Level 1:colcon.colcon_core.package_identification:_identify(.) by extension 'cmake'
[5.499s] Level 1:colcon.colcon_core.package_identification:_identify(.) by extension 'meson'
[5.502s] ERROR:colcon.colcon_core.package_identification:Exception in package identification extension 'meson' in '.': InterpreterBase.__init__() missing 2 required positional arguments: 'subproject_dir' and 'env'
Traceback (most recent call last):
  File "/usr/lib/python3/dist-packages/colcon_core/package_identification/__init__.py", line 144, in _identify
    retval = extension.identify(_reused_descriptor_instance)
  File "/usr/lib/python3/dist-packages/colcon_meson/identification.py", line 122, in identify
    parser = CustomInterpreter(desc.path, "", "")
  File "/usr/lib/python3/dist-packages/colcon_meson/identification.py", line 26, in __init__
    super().__init__(source_root, subdir, subproject)
TypeError: InterpreterBase.__init__() missing 2 required positional arguments: 'subproject_dir' and 'env'

[5.503s] Level 1:colcon.colcon_core.package_identification:_identify(.) by extension 'python'
[5.504s] Level 1:colcon.colcon_core.package_identification:_identify(.) by extensions ['python_setup_py']
[5.504s] Level 1:colcon.colcon_core.package_identification:_identify(.) by extension 'python_setup_py'
[5.506s] Level 1:colcon.colcon_core.package_identification:_identify(build) by extensions ['ignore', 'ignore_ament_install']
[5.507s] Level 1:colcon.colcon_core.package_identification:_identify(build) by extension 'ignore'
[5.507s] Level 1:colcon.colcon_core.package_identification:_identify(build) ignored
[5.509s] Level 1:colcon.colcon_core.package_identification:_identify(install) by extensions ['ignore', 'ignore_ament_install']
[5.510s] Level 1:colcon.colcon_core.package_identification:_identify(install) by extension 'ignore'
[5.510s] Level 1:colcon.colcon_core.package_identification:_identify(install) ignored
[5.512s] Level 1:colcon.colcon_core.package_identification:_identify(log) by extensions ['ignore', 'ignore_ament_install']
[5.512s] Level 1:colcon.colcon_core.package_identification:_identify(log) by extension 'ignore'
[5.513s] Level 1:colcon.colcon_core.package_identification:_identify(log) ignored
[5.514s] Level 1:colcon.colcon_core.package_identification:_identify(src) by extensions ['ignore', 'ignore_ament_install']
[5.515s] Level 1:colcon.colcon_core.package_identification:_identify(src) by extension 'ignore'
[5.515s] Level 1:colcon.colcon_core.package_identification:_identify(src) by extension 'ignore_ament_install'
[5.516s] Level 1:colcon.colcon_core.package_identification:_identify(src) by extensions ['colcon_pkg']
[5.516s] Level 1:colcon.colcon_core.package_identification:_identify(src) by extension 'colcon_pkg'
[5.517s] Level 1:colcon.colcon_core.package_identification:_identify(src) by extensions ['colcon_meta']
[5.517s] Level 1:colcon.colcon_core.package_identification:_identify(src) by extension 'colcon_meta'
[5.518s] Level 1:colcon.colcon_core.package_identification:_identify(src) by extensions ['ros']
[5.518s] Level 1:colcon.colcon_core.package_identification:_identify(src) by extension 'ros'
[5.519s] Level 1:colcon.colcon_core.package_identification:_identify(src) by extensions ['cmake', 'meson', 'python']
[5.520s] Level 1:colcon.colcon_core.package_identification:_identify(src) by extension 'cmake'
[5.520s] Level 1:colcon.colcon_core.package_identification:_identify(src) by extension 'meson'
[5.522s] ERROR:colcon.colcon_core.package_identification:Exception in package identification extension 'meson' in 'src': InterpreterBase.__init__() missing 2 required positional arguments: 'subproject_dir' and 'env'
Traceback (most recent call last):
  File "/usr/lib/python3/dist-packages/colcon_core/package_identification/__init__.py", line 144, in _identify
    retval = extension.identify(_reused_descriptor_instance)
  File "/usr/lib/python3/dist-packages/colcon_meson/identification.py", line 122, in identify
    parser = CustomInterpreter(desc.path, "", "")
  File "/usr/lib/python3/dist-packages/colcon_meson/identification.py", line 26, in __init__
    super().__init__(source_root, subdir, subproject)
TypeError: InterpreterBase.__init__() missing 2 required positional arguments: 'subproject_dir' and 'env'

[5.523s] Level 1:colcon.colcon_core.package_identification:_identify(src) by extension 'python'
[5.524s] Level 1:colcon.colcon_core.package_identification:_identify(src) by extensions ['python_setup_py']
[5.525s] Level 1:colcon.colcon_core.package_identification:_identify(src) by extension 'python_setup_py'
[5.526s] Level 1:colcon.colcon_core.package_identification:_identify(src/arduino_bridge) by extensions ['ignore', 'ignore_ament_install']
[5.528s] Level 1:colcon.colcon_core.package_identification:_identify(src/arduino_bridge) by extension 'ignore'
[5.528s] Level 1:colcon.colcon_core.package_identification:_identify(src/arduino_bridge) by extension 'ignore_ament_install'
[5.529s] Level 1:colcon.colcon_core.package_identification:_identify(src/arduino_bridge) by extensions ['colcon_pkg']
[5.530s] Level 1:colcon.colcon_core.package_identification:_identify(src/arduino_bridge) by extension 'colcon_pkg'
[5.531s] Level 1:colcon.colcon_core.package_identification:_identify(src/arduino_bridge) by extensions ['colcon_meta']
[5.531s] Level 1:colcon.colcon_core.package_identification:_identify(src/arduino_bridge) by extension 'colcon_meta'
[5.532s] Level 1:colcon.colcon_core.package_identification:_identify(src/arduino_bridge) by extensions ['ros']
[5.532s] Level 1:colcon.colcon_core.package_identification:_identify(src/arduino_bridge) by extension 'ros'
[5.556s] DEBUG:colcon.colcon_core.package_identification:Package 'src/arduino_bridge' with type 'ros.ament_python' and name 'arduino_bridge'
[5.558s] Level 1:colcon.colcon_core.package_identification:_identify(src/face_detector) by extensions ['ignore', 'ignore_ament_install']
[5.559s] Level 1:colcon.colcon_core.package_identification:_identify(src/face_detector) by extension 'ignore'
[5.560s] Level 1:colcon.colcon_core.package_identification:_identify(src/face_detector) by extension 'ignore_ament_install'
[5.561s] Level 1:colcon.colcon_core.package_identification:_identify(src/face_detector) by extensions ['colcon_pkg']
[5.561s] Level 1:colcon.colcon_core.package_identification:_identify(src/face_detector) by extension 'colcon_pkg'
[5.562s] Level 1:colcon.colcon_core.package_identification:_identify(src/face_detector) by extensions ['colcon_meta']
[5.563s] Level 1:colcon.colcon_core.package_identification:_identify(src/face_detector) by extension 'colcon_meta'
[5.563s] Level 1:colcon.colcon_core.package_identification:_identify(src/face_detector) by extensions ['ros']
[5.564s] Level 1:colcon.colcon_core.package_identification:_identify(src/face_detector) by extension 'ros'
[5.573s] DEBUG:colcon.colcon_core.package_identification:Package 'src/face_detector' with type 'ros.ament_python' and name 'face_detector'
[5.575s] Level 1:colcon.colcon_core.package_identification:_identify(src/object_detector) by extensions ['ignore', 'ignore_ament_install']
[5.576s] Level 1:colcon.colcon_core.package_identification:_identify(src/object_detector) by extension 'ignore'
[5.576s] Level 1:colcon.colcon_core.package_identification:_identify(src/object_detector) by extension 'ignore_ament_install'
[5.577s] Level 1:colcon.colcon_core.package_identification:_identify(src/object_detector) by extensions ['colcon_pkg']
[5.577s] Level 1:colcon.colcon_core.package_identification:_identify(src/object_detector) by extension 'colcon_pkg'
[5.578s] Level 1:colcon.colcon_core.package_identification:_identify(src/object_detector) by extensions ['colcon_meta']
[5.578s] Level 1:colcon.colcon_core.package_identification:_identify(src/object_detector) by extension 'colcon_meta'
[5.579s] Level 1:colcon.colcon_core.package_identification:_identify(src/object_detector) by extensions ['ros']
[5.579s] Level 1:colcon.colcon_core.package_identification:_identify(src/object_detector) by extension 'ros'
[5.587s] DEBUG:colcon.colcon_core.package_identification:Package 'src/object_detector' with type 'ros.ament_python' and name 'object_detector'
[5.587s] Level 1:colcon.colcon_core.package_discovery:discover_packages(recursive) using defaults
[5.588s] Level 1:colcon.colcon_core.package_discovery:discover_packages(ignore) discover
[5.588s] Level 1:colcon.colcon_core.package_discovery:discover_packages(ignore) using defaults
[5.589s] Level 1:colcon.colcon_core.package_discovery:discover_packages(path) discover
[5.589s] Level 1:colcon.colcon_core.package_discovery:discover_packages(path) using defaults
[5.786s] Level 1:colcon.colcon_core.package_discovery:discover_packages(prefix_path) check parameters
[5.787s] Level 1:colcon.colcon_core.package_discovery:discover_packages(prefix_path) discover
[5.813s] DEBUG:colcon.colcon_installed_package_information.package_discovery:Found 3 installed packages in /home/rasprobo1/RoboIris/install
[5.844s] DEBUG:colcon.colcon_installed_package_information.package_discovery:Found 334 installed packages in /opt/ros/humble
[5.867s] Level 1:colcon.colcon_core.package_discovery:discover_packages(prefix_path) using defaults
[6.675s] Level 5:colcon.colcon_core.verb:set package 'arduino_bridge' build argument 'cmake_args' from command line to 'None'
[6.675s] Level 5:colcon.colcon_core.verb:set package 'arduino_bridge' build argument 'cmake_target' from command line to 'None'
[6.676s] Level 5:colcon.colcon_core.verb:set package 'arduino_bridge' build argument 'cmake_target_skip_unavailable' from command line to 'False'
[6.676s] Level 5:colcon.colcon_core.verb:set package 'arduino_bridge' build argument 'cmake_clean_cache' from command line to 'False'
[6.676s] Level 5:colcon.colcon_core.verb:set package 'arduino_bridge' build argument 'cmake_clean_first' from command line to 'False'
[6.677s] Level 5:colcon.colcon_core.verb:set package 'arduino_bridge' build argument 'cmake_force_configure' from command line to 'False'
[6.677s] Level 5:colcon.colcon_core.verb:set package 'arduino_bridge' build argument 'meson_args' from command line to '[]'
[6.677s] Level 5:colcon.colcon_core.verb:set package 'arduino_bridge' build argument 'ament_cmake_args' from command line to 'None'
[6.678s] Level 5:colcon.colcon_core.verb:set package 'arduino_bridge' build argument 'catkin_cmake_args' from command line to 'None'
[6.678s] Level 5:colcon.colcon_core.verb:set package 'arduino_bridge' build argument 'catkin_skip_building_tests' from command line to 'False'
[6.678s] DEBUG:colcon.colcon_core.verb:Building package 'arduino_bridge' with the following arguments: {'ament_cmake_args': None, 'build_base': '/home/rasprobo1/RoboIris/build/arduino_bridge', 'catkin_cmake_args': None, 'catkin_skip_building_tests': False, 'cmake_args': None, 'cmake_clean_cache': False, 'cmake_clean_first': False, 'cmake_force_configure': False, 'cmake_target': None, 'cmake_target_skip_unavailable': False, 'install_base': '/home/rasprobo1/RoboIris/install/arduino_bridge', 'merge_install': False, 'meson_args': [], 'path': '/home/rasprobo1/RoboIris/src/arduino_bridge', 'symlink_install': False, 'test_result_base': None}
[6.877s] Level 5:colcon.colcon_core.verb:set package 'face_detector' build argument 'cmake_args' from command line to 'None'
[6.878s] Level 5:colcon.colcon_core.verb:set package 'face_detector' build argument 'cmake_target' from command line to 'None'
[6.878s] Level 5:colcon.colcon_core.verb:set package 'face_detector' build argument 'cmake_target_skip_unavailable' from command line to 'False'
[6.878s] Level 5:colcon.colcon_core.verb:set package 'face_detector' build argument 'cmake_clean_cache' from command line to 'False'
[6.879s] Level 5:colcon.colcon_core.verb:set package 'face_detector' build argument 'cmake_clean_first' from command line to 'False'
[6.879s] Level 5:colcon.colcon_core.verb:set package 'face_detector' build argument 'cmake_force_configure' from command line to 'False'
[6.879s] Level 5:colcon.colcon_core.verb:set package 'face_detector' build argument 'meson_args' from command line to '[]'
[6.880s] Level 5:colcon.colcon_core.verb:set package 'face_detector' build argument 'ament_cmake_args' from command line to 'None'
[6.880s] Level 5:colcon.colcon_core.verb:set package 'face_detector' build argument 'catkin_cmake_args' from command line to 'None'
[6.880s] Level 5:colcon.colcon_core.verb:set package 'face_detector' build argument 'catkin_skip_building_tests' from command line to 'False'
[6.881s] DEBUG:colcon.colcon_core.verb:Building package 'face_detector' with the following arguments: {'ament_cmake_args': None, 'build_base': '/home/rasprobo1/RoboIris/build/face_detector', 'catkin_cmake_args': None, 'catkin_skip_building_tests': False, 'cmake_args': None, 'cmake_clean_cache': False, 'cmake_clean_first': False, 'cmake_force_configure': False, 'cmake_target': None, 'cmake_target_skip_unavailable': False, 'install_base': '/home/rasprobo1/RoboIris/install/face_detector', 'merge_install': False, 'meson_args': [], 'path': '/home/rasprobo1/RoboIris/src/face_detector', 'symlink_install': False, 'test_result_base': None}
[6.962s] Level 5:colcon.colcon_core.verb:set package 'object_detector' build argument 'cmake_args' from command line to 'None'
[6.962s] Level 5:colcon.colcon_core.verb:set package 'object_detector' build argument 'cmake_target' from command line to 'None'
[6.962s] Level 5:colcon.colcon_core.verb:set package 'object_detector' build argument 'cmake_target_skip_unavailable' from command line to 'False'
[6.963s] Level 5:colcon.colcon_core.verb:set package 'object_detector' build argument 'cmake_clean_cache' from command line to 'False'
[6.963s] Level 5:colcon.colcon_core.verb:set package 'object_detector' build argument 'cmake_clean_first' from command line to 'False'
[6.963s] Level 5:colcon.colcon_core.verb:set package 'object_detector' build argument 'cmake_force_configure' from command line to 'False'
[6.963s] Level 5:colcon.colcon_core.verb:set package 'object_detector' build argument 'meson_args' from command line to '[]'
[6.963s] Level 5:colcon.colcon_core.verb:set package 'object_detector' build argument 'ament_cmake_args' from command line to 'None'
[6.963s] Level 5:colcon.colcon_core.verb:set package 'object_detector' build argument 'catkin_cmake_args' from command line to 'None'
[6.963s] Level 5:colcon.colcon_core.verb:set package 'object_detector' build argument 'catkin_skip_building_tests' from command line to 'False'
[6.963s] DEBUG:colcon.colcon_core.verb:Building package 'object_detector' with the following arguments: {'ament_cmake_args': None, 'build_base': '/home/rasprobo1/RoboIris/build/object_detector', 'catkin_cmake_args': None, 'catkin_skip_building_tests': False, 'cmake_args': None, 'cmake_clean_cache': False, 'cmake_clean_first': False, 'cmake_force_configure': False, 'cmake_target': None, 'cmake_target_skip_unavailable': False, 'install_base': '/home/rasprobo1/RoboIris/install/object_detector', 'merge_install': False, 'meson_args': [], 'path': '/home/rasprobo1/RoboIris/src/object_detector', 'symlink_install': False, 'test_result_base': None}
[6.964s] INFO:colcon.colcon_core.executor:Executing jobs using 'parallel' executor
[6.967s] DEBUG:colcon.colcon_parallel_executor.executor.parallel:run_until_complete
[6.968s] INFO:colcon.colcon_ros.task.ament_python.build:Building ROS package in '/home/rasprobo1/RoboIris/src/arduino_bridge' with build type 'ament_python'
[6.968s] Level 1:colcon.colcon_core.shell:create_environment_hook('arduino_bridge', 'ament_prefix_path')
[6.978s] INFO:colcon.colcon_core.plugin_system:Skipping extension 'colcon_core.shell.bat': Not used on non-Windows systems
[6.979s] INFO:colcon.colcon_core.shell:Creating environment hook '/home/rasprobo1/RoboIris/install/arduino_bridge/share/arduino_bridge/hook/ament_prefix_path.ps1'
[6.984s] INFO:colcon.colcon_core.shell:Creating environment descriptor '/home/rasprobo1/RoboIris/install/arduino_bridge/share/arduino_bridge/hook/ament_prefix_path.dsv'
[6.989s] INFO:colcon.colcon_core.shell:Creating environment hook '/home/rasprobo1/RoboIris/install/arduino_bridge/share/arduino_bridge/hook/ament_prefix_path.sh'
[6.999s] INFO:colcon.colcon_core.shell:Skip shell extension 'powershell' for command environment: Not usable outside of PowerShell
[7.000s] DEBUG:colcon.colcon_core.shell:Skip shell extension 'dsv' for command environment
[7.055s] INFO:colcon.colcon_ros.task.ament_python.build:Building ROS package in '/home/rasprobo1/RoboIris/src/face_detector' with build type 'ament_python'
[7.056s] Level 1:colcon.colcon_core.shell:create_environment_hook('face_detector', 'ament_prefix_path')
[7.059s] INFO:colcon.colcon_core.shell:Creating environment hook '/home/rasprobo1/RoboIris/install/face_detector/share/face_detector/hook/ament_prefix_path.ps1'
[7.065s] INFO:colcon.colcon_core.shell:Creating environment descriptor '/home/rasprobo1/RoboIris/install/face_detector/share/face_detector/hook/ament_prefix_path.dsv'
[7.073s] INFO:colcon.colcon_core.shell:Creating environment hook '/home/rasprobo1/RoboIris/install/face_detector/share/face_detector/hook/ament_prefix_path.sh'
[7.080s] INFO:colcon.colcon_core.shell:Skip shell extension 'powershell' for command environment: Not usable outside of PowerShell
[7.081s] DEBUG:colcon.colcon_core.shell:Skip shell extension 'dsv' for command environment
[7.135s] INFO:colcon.colcon_ros.task.ament_python.build:Building ROS package in '/home/rasprobo1/RoboIris/src/object_detector' with build type 'ament_python'
[7.136s] Level 1:colcon.colcon_core.shell:create_environment_hook('object_detector', 'ament_prefix_path')
[7.139s] INFO:colcon.colcon_core.shell:Creating environment hook '/home/rasprobo1/RoboIris/install/object_detector/share/object_detector/hook/ament_prefix_path.ps1'
[7.145s] INFO:colcon.colcon_core.shell:Creating environment descriptor '/home/rasprobo1/RoboIris/install/object_detector/share/object_detector/hook/ament_prefix_path.dsv'
[7.149s] INFO:colcon.colcon_core.shell:Creating environment hook '/home/rasprobo1/RoboIris/install/object_detector/share/object_detector/hook/ament_prefix_path.sh'
[7.156s] INFO:colcon.colcon_core.shell:Skip shell extension 'powershell' for command environment: Not usable outside of PowerShell
[7.157s] DEBUG:colcon.colcon_core.shell:Skip shell extension 'dsv' for command environment
[10.796s] INFO:colcon.colcon_core.task.python.build:Building Python package in '/home/rasprobo1/RoboIris/src/arduino_bridge'
[10.798s] INFO:colcon.colcon_core.shell:Skip shell extension 'powershell' for command environment: Not usable outside of PowerShell
[10.800s] DEBUG:colcon.colcon_core.shell:Skip shell extension 'dsv' for command environment
[14.380s] INFO:colcon.colcon_core.task.python.build:Building Python package in '/home/rasprobo1/RoboIris/src/face_detector'
[14.383s] INFO:colcon.colcon_core.shell:Skip shell extension 'powershell' for command environment: Not usable outside of PowerShell
[14.384s] DEBUG:colcon.colcon_core.shell:Skip shell extension 'dsv' for command environment
[18.025s] INFO:colcon.colcon_core.task.python.build:Building Python package in '/home/rasprobo1/RoboIris/src/object_detector'
[18.028s] INFO:colcon.colcon_core.shell:Skip shell extension 'powershell' for command environment: Not usable outside of PowerShell
[18.029s] DEBUG:colcon.colcon_core.shell:Skip shell extension 'dsv' for command environment
[23.878s] DEBUG:colcon.colcon_core.event_handler.log_command:Invoking command in '/home/rasprobo1/RoboIris/src/object_detector': PYTHONPATH=/home/rasprobo1/RoboIris/build/object_detector/prefix_override:/usr/lib/python3/dist-packages/colcon_core/task/python/colcon_distutils_commands:/home/rasprobo1/RoboIris/install/object_detector/lib/python3.10/site-packages:${PYTHONPATH} /usr/bin/python3 -W ignore:setup.py install is deprecated -W ignore:easy_install command is deprecated setup.py egg_info --egg-base ../../build/object_detector build --build-base /home/rasprobo1/RoboIris/build/object_detector/build install --record /home/rasprobo1/RoboIris/build/object_detector/install.log --single-version-externally-managed install_data
[24.340s] DEBUG:colcon.colcon_core.event_handler.log_command:Invoking command in '/home/rasprobo1/RoboIris/src/face_detector': PYTHONPATH=/home/rasprobo1/RoboIris/build/face_detector/prefix_override:/usr/lib/python3/dist-packages/colcon_core/task/python/colcon_distutils_commands:/home/rasprobo1/RoboIris/install/face_detector/lib/python3.10/site-packages:${PYTHONPATH} /usr/bin/python3 -W ignore:setup.py install is deprecated -W ignore:easy_install command is deprecated setup.py egg_info --egg-base ../../build/face_detector build --build-base /home/rasprobo1/RoboIris/build/face_detector/build install --record /home/rasprobo1/RoboIris/build/face_detector/install.log --single-version-externally-managed install_data
[24.918s] DEBUG:colcon.colcon_core.event_handler.log_command:Invoking command in '/home/rasprobo1/RoboIris/src/arduino_bridge': PYTHONPATH=/home/rasprobo1/RoboIris/build/arduino_bridge/prefix_override:/usr/lib/python3/dist-packages/colcon_core/task/python/colcon_distutils_commands:/home/rasprobo1/RoboIris/install/arduino_bridge/lib/python3.10/site-packages:${PYTHONPATH} /usr/bin/python3 -W ignore:setup.py install is deprecated -W ignore:easy_install command is deprecated setup.py egg_info --egg-base ../../build/arduino_bridge build --build-base /home/rasprobo1/RoboIris/build/arduino_bridge/build install --record /home/rasprobo1/RoboIris/build/arduino_bridge/install.log --single-version-externally-managed install_data
[29.465s] DEBUG:colcon.colcon_core.event_handler.log_command:Invoked command in '/home/rasprobo1/RoboIris/src/object_detector' returned '0': PYTHONPATH=/home/rasprobo1/RoboIris/build/object_detector/prefix_override:/usr/lib/python3/dist-packages/colcon_core/task/python/colcon_distutils_commands:/home/rasprobo1/RoboIris/install/object_detector/lib/python3.10/site-packages:${PYTHONPATH} /usr/bin/python3 -W ignore:setup.py install is deprecated -W ignore:easy_install command is deprecated setup.py egg_info --egg-base ../../build/object_detector build --build-base /home/rasprobo1/RoboIris/build/object_detector/build install --record /home/rasprobo1/RoboIris/build/object_detector/install.log --single-version-externally-managed install_data
[29.508s] Level 1:colcon.colcon_core.environment:checking '/home/rasprobo1/RoboIris/install/object_detector' for CMake module files
[29.516s] Level 1:colcon.colcon_core.environment:checking '/home/rasprobo1/RoboIris/install/object_detector' for CMake config files
[29.529s] Level 1:colcon.colcon_core.environment:checking '/home/rasprobo1/RoboIris/install/object_detector/lib'
[29.533s] Level 1:colcon.colcon_core.environment:checking '/home/rasprobo1/RoboIris/install/object_detector/bin'
[29.534s] Level 1:colcon.colcon_core.environment:checking '/home/rasprobo1/RoboIris/install/object_detector/lib/pkgconfig/object_detector.pc'
[29.537s] Level 1:colcon.colcon_core.environment:checking '/home/rasprobo1/RoboIris/install/object_detector/lib/python3.10/site-packages'
[29.538s] Level 1:colcon.colcon_core.shell:create_environment_hook('object_detector', 'pythonpath')
[29.541s] INFO:colcon.colcon_core.shell:Creating environment hook '/home/rasprobo1/RoboIris/install/object_detector/share/object_detector/hook/pythonpath.ps1'
[29.546s] INFO:colcon.colcon_core.shell:Creating environment descriptor '/home/rasprobo1/RoboIris/install/object_detector/share/object_detector/hook/pythonpath.dsv'
[29.550s] INFO:colcon.colcon_core.shell:Creating environment hook '/home/rasprobo1/RoboIris/install/object_detector/share/object_detector/hook/pythonpath.sh'
[29.560s] Level 1:colcon.colcon_core.environment:checking '/home/rasprobo1/RoboIris/install/object_detector/bin'
[29.561s] Level 1:colcon.colcon_core.environment:create_environment_scripts_only(object_detector)
[29.565s] INFO:colcon.colcon_core.shell:Creating package script '/home/rasprobo1/RoboIris/install/object_detector/share/object_detector/package.ps1'
[29.576s] INFO:colcon.colcon_core.shell:Creating package descriptor '/home/rasprobo1/RoboIris/install/object_detector/share/object_detector/package.dsv'
[29.583s] INFO:colcon.colcon_core.shell:Creating package script '/home/rasprobo1/RoboIris/install/object_detector/share/object_detector/package.sh'
[29.593s] INFO:colcon.colcon_core.shell:Creating package script '/home/rasprobo1/RoboIris/install/object_detector/share/object_detector/package.bash'
[29.603s] INFO:colcon.colcon_core.shell:Creating package script '/home/rasprobo1/RoboIris/install/object_detector/share/object_detector/package.zsh'
[29.611s] Level 1:colcon.colcon_core.environment:create_file_with_runtime_dependencies(/home/rasprobo1/RoboIris/install/object_detector/share/colcon-core/packages/object_detector)
[29.624s] Level 1:colcon.colcon_core.environment:checking '/home/rasprobo1/RoboIris/install/face_detector' for CMake module files
[29.632s] Level 1:colcon.colcon_core.environment:checking '/home/rasprobo1/RoboIris/install/face_detector' for CMake config files
[29.635s] DEBUG:colcon.colcon_core.event_handler.log_command:Invoked command in '/home/rasprobo1/RoboIris/src/face_detector' returned '0': PYTHONPATH=/home/rasprobo1/RoboIris/build/face_detector/prefix_override:/usr/lib/python3/dist-packages/colcon_core/task/python/colcon_distutils_commands:/home/rasprobo1/RoboIris/install/face_detector/lib/python3.10/site-packages:${PYTHONPATH} /usr/bin/python3 -W ignore:setup.py install is deprecated -W ignore:easy_install command is deprecated setup.py egg_info --egg-base ../../build/face_detector build --build-base /home/rasprobo1/RoboIris/build/face_detector/build install --record /home/rasprobo1/RoboIris/build/face_detector/install.log --single-version-externally-managed install_data
[29.647s] Level 1:colcon.colcon_core.environment:checking '/home/rasprobo1/RoboIris/install/face_detector/lib'
[29.648s] Level 1:colcon.colcon_core.environment:checking '/home/rasprobo1/RoboIris/install/face_detector/bin'
[29.649s] Level 1:colcon.colcon_core.environment:checking '/home/rasprobo1/RoboIris/install/face_detector/lib/pkgconfig/face_detector.pc'
[29.652s] Level 1:colcon.colcon_core.environment:checking '/home/rasprobo1/RoboIris/install/face_detector/lib/python3.10/site-packages'
[29.653s] Level 1:colcon.colcon_core.shell:create_environment_hook('face_detector', 'pythonpath')
[29.655s] INFO:colcon.colcon_core.shell:Creating environment hook '/home/rasprobo1/RoboIris/install/face_detector/share/face_detector/hook/pythonpath.ps1'
[29.661s] INFO:colcon.colcon_core.shell:Creating environment descriptor '/home/rasprobo1/RoboIris/install/face_detector/share/face_detector/hook/pythonpath.dsv'
[29.666s] INFO:colcon.colcon_core.shell:Creating environment hook '/home/rasprobo1/RoboIris/install/face_detector/share/face_detector/hook/pythonpath.sh'
[29.676s] Level 1:colcon.colcon_core.environment:checking '/home/rasprobo1/RoboIris/install/face_detector/bin'
[29.677s] Level 1:colcon.colcon_core.environment:create_environment_scripts_only(face_detector)
[29.681s] INFO:colcon.colcon_core.shell:Creating package script '/home/rasprobo1/RoboIris/install/face_detector/share/face_detector/package.ps1'
[29.696s] INFO:colcon.colcon_core.shell:Creating package descriptor '/home/rasprobo1/RoboIris/install/face_detector/share/face_detector/package.dsv'
[29.705s] INFO:colcon.colcon_core.shell:Creating package script '/home/rasprobo1/RoboIris/install/face_detector/share/face_detector/package.sh'
[29.711s] INFO:colcon.colcon_core.shell:Creating package script '/home/rasprobo1/RoboIris/install/face_detector/share/face_detector/package.bash'
[29.716s] INFO:colcon.colcon_core.shell:Creating package script '/home/rasprobo1/RoboIris/install/face_detector/share/face_detector/package.zsh'
[29.722s] Level 1:colcon.colcon_core.environment:create_file_with_runtime_dependencies(/home/rasprobo1/RoboIris/install/face_detector/share/colcon-core/packages/face_detector)
[30.202s] Level 1:colcon.colcon_core.environment:checking '/home/rasprobo1/RoboIris/install/arduino_bridge' for CMake module files
[30.207s] DEBUG:colcon.colcon_core.event_handler.log_command:Invoked command in '/home/rasprobo1/RoboIris/src/arduino_bridge' returned '0': PYTHONPATH=/home/rasprobo1/RoboIris/build/arduino_bridge/prefix_override:/usr/lib/python3/dist-packages/colcon_core/task/python/colcon_distutils_commands:/home/rasprobo1/RoboIris/install/arduino_bridge/lib/python3.10/site-packages:${PYTHONPATH} /usr/bin/python3 -W ignore:setup.py install is deprecated -W ignore:easy_install command is deprecated setup.py egg_info --egg-base ../../build/arduino_bridge build --build-base /home/rasprobo1/RoboIris/build/arduino_bridge/build install --record /home/rasprobo1/RoboIris/build/arduino_bridge/install.log --single-version-externally-managed install_data
[30.212s] Level 1:colcon.colcon_core.environment:checking '/home/rasprobo1/RoboIris/install/arduino_bridge' for CMake config files
[30.221s] Level 1:colcon.colcon_core.environment:checking '/home/rasprobo1/RoboIris/install/arduino_bridge/lib'
[30.222s] Level 1:colcon.colcon_core.environment:checking '/home/rasprobo1/RoboIris/install/arduino_bridge/bin'
[30.223s] Level 1:colcon.colcon_core.environment:checking '/home/rasprobo1/RoboIris/install/arduino_bridge/lib/pkgconfig/arduino_bridge.pc'
[30.225s] Level 1:colcon.colcon_core.environment:checking '/home/rasprobo1/RoboIris/install/arduino_bridge/lib/python3.10/site-packages'
[30.226s] Level 1:colcon.colcon_core.shell:create_environment_hook('arduino_bridge', 'pythonpath')
[30.229s] INFO:colcon.colcon_core.shell:Creating environment hook '/home/rasprobo1/RoboIris/install/arduino_bridge/share/arduino_bridge/hook/pythonpath.ps1'
[30.235s] INFO:colcon.colcon_core.shell:Creating environment descriptor '/home/rasprobo1/RoboIris/install/arduino_bridge/share/arduino_bridge/hook/pythonpath.dsv'
[30.240s] INFO:colcon.colcon_core.shell:Creating environment hook '/home/rasprobo1/RoboIris/install/arduino_bridge/share/arduino_bridge/hook/pythonpath.sh'
[30.246s] Level 1:colcon.colcon_core.environment:checking '/home/rasprobo1/RoboIris/install/arduino_bridge/bin'
[30.247s] Level 1:colcon.colcon_core.environment:create_environment_scripts_only(arduino_bridge)
[30.250s] INFO:colcon.colcon_core.shell:Creating package script '/home/rasprobo1/RoboIris/install/arduino_bridge/share/arduino_bridge/package.ps1'
[30.256s] INFO:colcon.colcon_core.shell:Creating package descriptor '/home/rasprobo1/RoboIris/install/arduino_bridge/share/arduino_bridge/package.dsv'
[30.262s] INFO:colcon.colcon_core.shell:Creating package script '/home/rasprobo1/RoboIris/install/arduino_bridge/share/arduino_bridge/package.sh'
[30.269s] INFO:colcon.colcon_core.shell:Creating package script '/home/rasprobo1/RoboIris/install/arduino_bridge/share/arduino_bridge/package.bash'
[30.273s] INFO:colcon.colcon_core.shell:Creating package script '/home/rasprobo1/RoboIris/install/arduino_bridge/share/arduino_bridge/package.zsh'
[30.278s] Level 1:colcon.colcon_core.environment:create_file_with_runtime_dependencies(/home/rasprobo1/RoboIris/install/arduino_bridge/share/colcon-core/packages/arduino_bridge)
[30.282s] DEBUG:colcon.colcon_parallel_executor.executor.parallel:closing loop
[30.285s] DEBUG:colcon.colcon_parallel_executor.executor.parallel:loop closed
[30.286s] DEBUG:colcon.colcon_parallel_executor.executor.parallel:run_until_complete finished with '0'
[30.287s] DEBUG:colcon.colcon_core.event_reactor:joining thread
[30.343s] INFO:colcon.colcon_core.plugin_system:Skipping extension 'colcon_notification.desktop_notification.notify_send': Could not find 'notify-send'
[30.344s] INFO:colcon.colcon_core.plugin_system:Skipping extension 'colcon_notification.desktop_notification.terminal_notifier': Not used on non-Darwin systems
[30.344s] INFO:colcon.colcon_core.plugin_system:Skipping extension 'colcon_notification.desktop_notification.win32': Not used on non-Windows systems
[30.345s] INFO:colcon.colcon_notification.desktop_notification:Sending desktop notification using 'notify2'
[30.352s] DEBUG:colcon.colcon_notification.desktop_notification.notify2:Failed to initialize notify2: org.freedesktop.DBus.Error.ServiceUnknown: The name org.freedesktop.Notifications was not provided by any .service files
[30.353s] DEBUG:colcon.colcon_core.event_reactor:joined thread
[30.355s] INFO:colcon.colcon_core.shell:Creating prefix script '/home/rasprobo1/RoboIris/install/local_setup.ps1'
[30.367s] INFO:colcon.colcon_core.shell:Creating prefix util module '/home/rasprobo1/RoboIris/install/_local_setup_util_ps1.py'
[30.382s] INFO:colcon.colcon_core.shell:Creating prefix chain script '/home/rasprobo1/RoboIris/install/setup.ps1'
[30.396s] INFO:colcon.colcon_core.shell:Creating prefix script '/home/rasprobo1/RoboIris/install/local_setup.sh'
[30.403s] INFO:colcon.colcon_core.shell:Creating prefix util module '/home/rasprobo1/RoboIris/install/_local_setup_util_sh.py'
[30.410s] INFO:colcon.colcon_core.shell:Creating prefix chain script '/home/rasprobo1/RoboIris/install/setup.sh'
[30.423s] INFO:colcon.colcon_core.shell:Creating prefix script '/home/rasprobo1/RoboIris/install/local_setup.bash'
[30.430s] INFO:colcon.colcon_core.shell:Creating prefix chain script '/home/rasprobo1/RoboIris/install/setup.bash'
[30.444s] INFO:colcon.colcon_core.shell:Creating prefix script '/home/rasprobo1/RoboIris/install/local_setup.zsh'
[30.449s] INFO:colcon.colcon_core.shell:Creating prefix chain script '/home/rasprobo1/RoboIris/install/setup.zsh'
