[2.754s] DEBUG:colcon:Command line arguments: ['/usr/bin/colcon', 'build']
[2.755s] DEBUG:colcon:Parsed command line arguments: Namespace(log_base=None, log_level=None, verb_name='build', build_base='build', install_base='install', merge_install=False, symlink_install=False, test_result_base=None, continue_on_error=False, executor='parallel', parallel_workers=4, event_handlers=None, ignore_user_meta=False, metas=['./colcon.meta'], base_paths=['.'], packages_ignore=None, packages_ignore_regex=None, paths=None, packages_up_to=None, packages_up_to_regex=None, packages_above=None, packages_above_and_dependencies=None, packages_above_depth=None, packages_select_by_dep=None, packages_skip_by_dep=None, packages_skip_up_to=None, packages_select_build_failed=False, packages_skip_build_finished=False, packages_select_test_failures=False, packages_skip_test_passed=False, packages_select=None, packages_skip=None, packages_select_regex=None, packages_skip_regex=None, packages_start=None, packages_end=None, allow_overriding=[], cmake_args=None, cmake_target=None, cmake_target_skip_unavailable=False, cmake_clean_cache=False, cmake_clean_first=False, cmake_force_configure=False, meson_args=[], ament_cmake_args=None, catkin_cmake_args=None, catkin_skip_building_tests=False, mixin_files=None, mixin=None, verb_parser=<colcon_mixin.mixin.mixin_argument.MixinArgumentDecorator object at 0xffffb646e0e0>, verb_extension=<colcon_core.verb.build.BuildVerb object at 0xffffb661b070>, main=<bound method BuildVerb.main of <colcon_core.verb.build.BuildVerb object at 0xffffb661b070>>, mixin_verb=('build',))
[5.200s] Level 1:colcon.colcon_core.package_discovery:discover_packages(colcon_meta) check parameters
[5.201s] Level 1:colcon.colcon_core.package_discovery:discover_packages(recursive) check parameters
[5.201s] Level 1:colcon.colcon_core.package_discovery:discover_packages(ignore) check parameters
[5.202s] Level 1:colcon.colcon_core.package_discovery:discover_packages(path) check parameters
[5.202s] Level 1:colcon.colcon_core.package_discovery:discover_packages(colcon_meta) discover
[5.202s] Level 1:colcon.colcon_core.package_discovery:discover_packages(recursive) discover
[5.203s] INFO:colcon.colcon_core.package_discovery:Crawling recursively for packages in '/home/rasprobo1/RoboIris'
[5.204s] Level 1:colcon.colcon_core.package_identification:_identify(.) by extensions ['ignore', 'ignore_ament_install']
[5.206s] Level 1:colcon.colcon_core.package_identification:_identify(.) by extension 'ignore'
[5.207s] Level 1:colcon.colcon_core.package_identification:_identify(.) by extension 'ignore_ament_install'
[5.208s] Level 1:colcon.colcon_core.package_identification:_identify(.) by extensions ['colcon_pkg']
[5.208s] Level 1:colcon.colcon_core.package_identification:_identify(.) by extension 'colcon_pkg'
[5.209s] Level 1:colcon.colcon_core.package_identification:_identify(.) by extensions ['colcon_meta']
[5.209s] Level 1:colcon.colcon_core.package_identification:_identify(.) by extension 'colcon_meta'
[5.210s] Level 1:colcon.colcon_core.package_identification:_identify(.) by extensions ['ros']
[5.210s] Level 1:colcon.colcon_core.package_identification:_identify(.) by extension 'ros'
[5.337s] Level 1:colcon.colcon_core.package_identification:_identify(.) by extensions ['cmake', 'meson', 'python']
[5.338s] Level 1:colcon.colcon_core.package_identification:_identify(.) by extension 'cmake'
[5.338s] Level 1:colcon.colcon_core.package_identification:_identify(.) by extension 'meson'
[5.341s] ERROR:colcon.colcon_core.package_identification:Exception in package identification extension 'meson' in '.': InterpreterBase.__init__() missing 2 required positional arguments: 'subproject_dir' and 'env'
Traceback (most recent call last):
  File "/usr/lib/python3/dist-packages/colcon_core/package_identification/__init__.py", line 144, in _identify
    retval = extension.identify(_reused_descriptor_instance)
  File "/usr/lib/python3/dist-packages/colcon_meson/identification.py", line 122, in identify
    parser = CustomInterpreter(desc.path, "", "")
  File "/usr/lib/python3/dist-packages/colcon_meson/identification.py", line 26, in __init__
    super().__init__(source_root, subdir, subproject)
TypeError: InterpreterBase.__init__() missing 2 required positional arguments: 'subproject_dir' and 'env'

[5.342s] Level 1:colcon.colcon_core.package_identification:_identify(.) by extension 'python'
[5.343s] Level 1:colcon.colcon_core.package_identification:_identify(.) by extensions ['python_setup_py']
[5.344s] Level 1:colcon.colcon_core.package_identification:_identify(.) by extension 'python_setup_py'
[5.346s] Level 1:colcon.colcon_core.package_identification:_identify(build) by extensions ['ignore', 'ignore_ament_install']
[5.347s] Level 1:colcon.colcon_core.package_identification:_identify(build) by extension 'ignore'
[5.348s] Level 1:colcon.colcon_core.package_identification:_identify(build) ignored
[5.349s] Level 1:colcon.colcon_core.package_identification:_identify(install) by extensions ['ignore', 'ignore_ament_install']
[5.350s] Level 1:colcon.colcon_core.package_identification:_identify(install) by extension 'ignore'
[5.351s] Level 1:colcon.colcon_core.package_identification:_identify(install) ignored
[5.352s] Level 1:colcon.colcon_core.package_identification:_identify(log) by extensions ['ignore', 'ignore_ament_install']
[5.353s] Level 1:colcon.colcon_core.package_identification:_identify(log) by extension 'ignore'
[5.353s] Level 1:colcon.colcon_core.package_identification:_identify(log) ignored
[5.354s] Level 1:colcon.colcon_core.package_identification:_identify(src) by extensions ['ignore', 'ignore_ament_install']
[5.355s] Level 1:colcon.colcon_core.package_identification:_identify(src) by extension 'ignore'
[5.356s] Level 1:colcon.colcon_core.package_identification:_identify(src) by extension 'ignore_ament_install'
[5.357s] Level 1:colcon.colcon_core.package_identification:_identify(src) by extensions ['colcon_pkg']
[5.357s] Level 1:colcon.colcon_core.package_identification:_identify(src) by extension 'colcon_pkg'
[5.358s] Level 1:colcon.colcon_core.package_identification:_identify(src) by extensions ['colcon_meta']
[5.358s] Level 1:colcon.colcon_core.package_identification:_identify(src) by extension 'colcon_meta'
[5.358s] Level 1:colcon.colcon_core.package_identification:_identify(src) by extensions ['ros']
[5.359s] Level 1:colcon.colcon_core.package_identification:_identify(src) by extension 'ros'
[5.360s] Level 1:colcon.colcon_core.package_identification:_identify(src) by extensions ['cmake', 'meson', 'python']
[5.361s] Level 1:colcon.colcon_core.package_identification:_identify(src) by extension 'cmake'
[5.361s] Level 1:colcon.colcon_core.package_identification:_identify(src) by extension 'meson'
[5.363s] ERROR:colcon.colcon_core.package_identification:Exception in package identification extension 'meson' in 'src': InterpreterBase.__init__() missing 2 required positional arguments: 'subproject_dir' and 'env'
Traceback (most recent call last):
  File "/usr/lib/python3/dist-packages/colcon_core/package_identification/__init__.py", line 144, in _identify
    retval = extension.identify(_reused_descriptor_instance)
  File "/usr/lib/python3/dist-packages/colcon_meson/identification.py", line 122, in identify
    parser = CustomInterpreter(desc.path, "", "")
  File "/usr/lib/python3/dist-packages/colcon_meson/identification.py", line 26, in __init__
    super().__init__(source_root, subdir, subproject)
TypeError: InterpreterBase.__init__() missing 2 required positional arguments: 'subproject_dir' and 'env'

[5.364s] Level 1:colcon.colcon_core.package_identification:_identify(src) by extension 'python'
[5.364s] Level 1:colcon.colcon_core.package_identification:_identify(src) by extensions ['python_setup_py']
[5.365s] Level 1:colcon.colcon_core.package_identification:_identify(src) by extension 'python_setup_py'
[5.366s] Level 1:colcon.colcon_core.package_identification:_identify(src/arduino_bridge) by extensions ['ignore', 'ignore_ament_install']
[5.367s] Level 1:colcon.colcon_core.package_identification:_identify(src/arduino_bridge) by extension 'ignore'
[5.368s] Level 1:colcon.colcon_core.package_identification:_identify(src/arduino_bridge) by extension 'ignore_ament_install'
[5.368s] Level 1:colcon.colcon_core.package_identification:_identify(src/arduino_bridge) by extensions ['colcon_pkg']
[5.369s] Level 1:colcon.colcon_core.package_identification:_identify(src/arduino_bridge) by extension 'colcon_pkg'
[5.369s] Level 1:colcon.colcon_core.package_identification:_identify(src/arduino_bridge) by extensions ['colcon_meta']
[5.370s] Level 1:colcon.colcon_core.package_identification:_identify(src/arduino_bridge) by extension 'colcon_meta'
[5.370s] Level 1:colcon.colcon_core.package_identification:_identify(src/arduino_bridge) by extensions ['ros']
[5.371s] Level 1:colcon.colcon_core.package_identification:_identify(src/arduino_bridge) by extension 'ros'
[5.396s] DEBUG:colcon.colcon_core.package_identification:Package 'src/arduino_bridge' with type 'ros.ament_python' and name 'arduino_bridge'
[5.397s] Level 1:colcon.colcon_core.package_identification:_identify(src/face_detector) by extensions ['ignore', 'ignore_ament_install']
[5.398s] Level 1:colcon.colcon_core.package_identification:_identify(src/face_detector) by extension 'ignore'
[5.399s] Level 1:colcon.colcon_core.package_identification:_identify(src/face_detector) by extension 'ignore_ament_install'
[5.399s] Level 1:colcon.colcon_core.package_identification:_identify(src/face_detector) by extensions ['colcon_pkg']
[5.400s] Level 1:colcon.colcon_core.package_identification:_identify(src/face_detector) by extension 'colcon_pkg'
[5.400s] Level 1:colcon.colcon_core.package_identification:_identify(src/face_detector) by extensions ['colcon_meta']
[5.401s] Level 1:colcon.colcon_core.package_identification:_identify(src/face_detector) by extension 'colcon_meta'
[5.401s] Level 1:colcon.colcon_core.package_identification:_identify(src/face_detector) by extensions ['ros']
[5.402s] Level 1:colcon.colcon_core.package_identification:_identify(src/face_detector) by extension 'ros'
[5.411s] DEBUG:colcon.colcon_core.package_identification:Package 'src/face_detector' with type 'ros.ament_python' and name 'face_detector'
[5.413s] Level 1:colcon.colcon_core.package_identification:_identify(src/object_detector) by extensions ['ignore', 'ignore_ament_install']
[5.414s] Level 1:colcon.colcon_core.package_identification:_identify(src/object_detector) by extension 'ignore'
[5.415s] Level 1:colcon.colcon_core.package_identification:_identify(src/object_detector) by extension 'ignore_ament_install'
[5.416s] Level 1:colcon.colcon_core.package_identification:_identify(src/object_detector) by extensions ['colcon_pkg']
[5.416s] Level 1:colcon.colcon_core.package_identification:_identify(src/object_detector) by extension 'colcon_pkg'
[5.417s] Level 1:colcon.colcon_core.package_identification:_identify(src/object_detector) by extensions ['colcon_meta']
[5.417s] Level 1:colcon.colcon_core.package_identification:_identify(src/object_detector) by extension 'colcon_meta'
[5.418s] Level 1:colcon.colcon_core.package_identification:_identify(src/object_detector) by extensions ['ros']
[5.418s] Level 1:colcon.colcon_core.package_identification:_identify(src/object_detector) by extension 'ros'
[5.427s] DEBUG:colcon.colcon_core.package_identification:Package 'src/object_detector' with type 'ros.ament_python' and name 'object_detector'
[5.427s] Level 1:colcon.colcon_core.package_discovery:discover_packages(recursive) using defaults
[5.428s] Level 1:colcon.colcon_core.package_discovery:discover_packages(ignore) discover
[5.428s] Level 1:colcon.colcon_core.package_discovery:discover_packages(ignore) using defaults
[5.428s] Level 1:colcon.colcon_core.package_discovery:discover_packages(path) discover
[5.429s] Level 1:colcon.colcon_core.package_discovery:discover_packages(path) using defaults
[5.614s] Level 1:colcon.colcon_core.package_discovery:discover_packages(prefix_path) check parameters
[5.615s] Level 1:colcon.colcon_core.package_discovery:discover_packages(prefix_path) discover
[5.661s] DEBUG:colcon.colcon_installed_package_information.package_discovery:Found 334 installed packages in /opt/ros/humble
[5.692s] Level 1:colcon.colcon_core.package_discovery:discover_packages(prefix_path) using defaults
[6.491s] Level 5:colcon.colcon_core.verb:set package 'arduino_bridge' build argument 'cmake_args' from command line to 'None'
[6.492s] Level 5:colcon.colcon_core.verb:set package 'arduino_bridge' build argument 'cmake_target' from command line to 'None'
[6.492s] Level 5:colcon.colcon_core.verb:set package 'arduino_bridge' build argument 'cmake_target_skip_unavailable' from command line to 'False'
[6.492s] Level 5:colcon.colcon_core.verb:set package 'arduino_bridge' build argument 'cmake_clean_cache' from command line to 'False'
[6.493s] Level 5:colcon.colcon_core.verb:set package 'arduino_bridge' build argument 'cmake_clean_first' from command line to 'False'
[6.493s] Level 5:colcon.colcon_core.verb:set package 'arduino_bridge' build argument 'cmake_force_configure' from command line to 'False'
[6.493s] Level 5:colcon.colcon_core.verb:set package 'arduino_bridge' build argument 'meson_args' from command line to '[]'
[6.493s] Level 5:colcon.colcon_core.verb:set package 'arduino_bridge' build argument 'ament_cmake_args' from command line to 'None'
[6.494s] Level 5:colcon.colcon_core.verb:set package 'arduino_bridge' build argument 'catkin_cmake_args' from command line to 'None'
[6.494s] Level 5:colcon.colcon_core.verb:set package 'arduino_bridge' build argument 'catkin_skip_building_tests' from command line to 'False'
[6.495s] DEBUG:colcon.colcon_core.verb:Building package 'arduino_bridge' with the following arguments: {'ament_cmake_args': None, 'build_base': '/home/rasprobo1/RoboIris/build/arduino_bridge', 'catkin_cmake_args': None, 'catkin_skip_building_tests': False, 'cmake_args': None, 'cmake_clean_cache': False, 'cmake_clean_first': False, 'cmake_force_configure': False, 'cmake_target': None, 'cmake_target_skip_unavailable': False, 'install_base': '/home/rasprobo1/RoboIris/install/arduino_bridge', 'merge_install': False, 'meson_args': [], 'path': '/home/rasprobo1/RoboIris/src/arduino_bridge', 'symlink_install': False, 'test_result_base': None}
[6.696s] Level 5:colcon.colcon_core.verb:set package 'face_detector' build argument 'cmake_args' from command line to 'None'
[6.697s] Level 5:colcon.colcon_core.verb:set package 'face_detector' build argument 'cmake_target' from command line to 'None'
[6.699s] Level 5:colcon.colcon_core.verb:set package 'face_detector' build argument 'cmake_target_skip_unavailable' from command line to 'False'
[6.700s] Level 5:colcon.colcon_core.verb:set package 'face_detector' build argument 'cmake_clean_cache' from command line to 'False'
[6.700s] Level 5:colcon.colcon_core.verb:set package 'face_detector' build argument 'cmake_clean_first' from command line to 'False'
[6.701s] Level 5:colcon.colcon_core.verb:set package 'face_detector' build argument 'cmake_force_configure' from command line to 'False'
[6.701s] Level 5:colcon.colcon_core.verb:set package 'face_detector' build argument 'meson_args' from command line to '[]'
[6.701s] Level 5:colcon.colcon_core.verb:set package 'face_detector' build argument 'ament_cmake_args' from command line to 'None'
[6.702s] Level 5:colcon.colcon_core.verb:set package 'face_detector' build argument 'catkin_cmake_args' from command line to 'None'
[6.702s] Level 5:colcon.colcon_core.verb:set package 'face_detector' build argument 'catkin_skip_building_tests' from command line to 'False'
[6.702s] DEBUG:colcon.colcon_core.verb:Building package 'face_detector' with the following arguments: {'ament_cmake_args': None, 'build_base': '/home/rasprobo1/RoboIris/build/face_detector', 'catkin_cmake_args': None, 'catkin_skip_building_tests': False, 'cmake_args': None, 'cmake_clean_cache': False, 'cmake_clean_first': False, 'cmake_force_configure': False, 'cmake_target': None, 'cmake_target_skip_unavailable': False, 'install_base': '/home/rasprobo1/RoboIris/install/face_detector', 'merge_install': False, 'meson_args': [], 'path': '/home/rasprobo1/RoboIris/src/face_detector', 'symlink_install': False, 'test_result_base': None}
[6.914s] Level 5:colcon.colcon_core.verb:set package 'object_detector' build argument 'cmake_args' from command line to 'None'
[6.915s] Level 5:colcon.colcon_core.verb:set package 'object_detector' build argument 'cmake_target' from command line to 'None'
[6.916s] Level 5:colcon.colcon_core.verb:set package 'object_detector' build argument 'cmake_target_skip_unavailable' from command line to 'False'
[6.916s] Level 5:colcon.colcon_core.verb:set package 'object_detector' build argument 'cmake_clean_cache' from command line to 'False'
[6.917s] Level 5:colcon.colcon_core.verb:set package 'object_detector' build argument 'cmake_clean_first' from command line to 'False'
[6.917s] Level 5:colcon.colcon_core.verb:set package 'object_detector' build argument 'cmake_force_configure' from command line to 'False'
[6.917s] Level 5:colcon.colcon_core.verb:set package 'object_detector' build argument 'meson_args' from command line to '[]'
[6.917s] Level 5:colcon.colcon_core.verb:set package 'object_detector' build argument 'ament_cmake_args' from command line to 'None'
[6.918s] Level 5:colcon.colcon_core.verb:set package 'object_detector' build argument 'catkin_cmake_args' from command line to 'None'
[6.918s] Level 5:colcon.colcon_core.verb:set package 'object_detector' build argument 'catkin_skip_building_tests' from command line to 'False'
[6.918s] DEBUG:colcon.colcon_core.verb:Building package 'object_detector' with the following arguments: {'ament_cmake_args': None, 'build_base': '/home/rasprobo1/RoboIris/build/object_detector', 'catkin_cmake_args': None, 'catkin_skip_building_tests': False, 'cmake_args': None, 'cmake_clean_cache': False, 'cmake_clean_first': False, 'cmake_force_configure': False, 'cmake_target': None, 'cmake_target_skip_unavailable': False, 'install_base': '/home/rasprobo1/RoboIris/install/object_detector', 'merge_install': False, 'meson_args': [], 'path': '/home/rasprobo1/RoboIris/src/object_detector', 'symlink_install': False, 'test_result_base': None}
[6.920s] INFO:colcon.colcon_core.executor:Executing jobs using 'parallel' executor
[6.927s] DEBUG:colcon.colcon_parallel_executor.executor.parallel:run_until_complete
[6.930s] INFO:colcon.colcon_ros.task.ament_python.build:Building ROS package in '/home/rasprobo1/RoboIris/src/arduino_bridge' with build type 'ament_python'
[6.931s] Level 1:colcon.colcon_core.shell:create_environment_hook('arduino_bridge', 'ament_prefix_path')
[6.958s] INFO:colcon.colcon_core.plugin_system:Skipping extension 'colcon_core.shell.bat': Not used on non-Windows systems
[6.960s] INFO:colcon.colcon_core.shell:Creating environment hook '/home/rasprobo1/RoboIris/install/arduino_bridge/share/arduino_bridge/hook/ament_prefix_path.ps1'
[6.967s] INFO:colcon.colcon_core.shell:Creating environment descriptor '/home/rasprobo1/RoboIris/install/arduino_bridge/share/arduino_bridge/hook/ament_prefix_path.dsv'
[6.972s] INFO:colcon.colcon_core.shell:Creating environment hook '/home/rasprobo1/RoboIris/install/arduino_bridge/share/arduino_bridge/hook/ament_prefix_path.sh'
[6.982s] INFO:colcon.colcon_core.shell:Skip shell extension 'powershell' for command environment: Not usable outside of PowerShell
[6.983s] DEBUG:colcon.colcon_core.shell:Skip shell extension 'dsv' for command environment
[7.031s] INFO:colcon.colcon_ros.task.ament_python.build:Building ROS package in '/home/rasprobo1/RoboIris/src/face_detector' with build type 'ament_python'
[7.032s] Level 1:colcon.colcon_core.shell:create_environment_hook('face_detector', 'ament_prefix_path')
[7.035s] INFO:colcon.colcon_core.shell:Creating environment hook '/home/rasprobo1/RoboIris/install/face_detector/share/face_detector/hook/ament_prefix_path.ps1'
[7.041s] INFO:colcon.colcon_core.shell:Creating environment descriptor '/home/rasprobo1/RoboIris/install/face_detector/share/face_detector/hook/ament_prefix_path.dsv'
[7.046s] INFO:colcon.colcon_core.shell:Creating environment hook '/home/rasprobo1/RoboIris/install/face_detector/share/face_detector/hook/ament_prefix_path.sh'
[7.053s] INFO:colcon.colcon_core.shell:Skip shell extension 'powershell' for command environment: Not usable outside of PowerShell
[7.055s] DEBUG:colcon.colcon_core.shell:Skip shell extension 'dsv' for command environment
[7.099s] INFO:colcon.colcon_ros.task.ament_python.build:Building ROS package in '/home/rasprobo1/RoboIris/src/object_detector' with build type 'ament_python'
[7.100s] Level 1:colcon.colcon_core.shell:create_environment_hook('object_detector', 'ament_prefix_path')
[7.103s] INFO:colcon.colcon_core.shell:Creating environment hook '/home/rasprobo1/RoboIris/install/object_detector/share/object_detector/hook/ament_prefix_path.ps1'
[7.109s] INFO:colcon.colcon_core.shell:Creating environment descriptor '/home/rasprobo1/RoboIris/install/object_detector/share/object_detector/hook/ament_prefix_path.dsv'
[7.114s] INFO:colcon.colcon_core.shell:Creating environment hook '/home/rasprobo1/RoboIris/install/object_detector/share/object_detector/hook/ament_prefix_path.sh'
[7.122s] INFO:colcon.colcon_core.shell:Skip shell extension 'powershell' for command environment: Not usable outside of PowerShell
[7.122s] DEBUG:colcon.colcon_core.shell:Skip shell extension 'dsv' for command environment
[10.469s] INFO:colcon.colcon_core.task.python.build:Building Python package in '/home/rasprobo1/RoboIris/src/arduino_bridge'
[10.472s] INFO:colcon.colcon_core.shell:Skip shell extension 'powershell' for command environment: Not usable outside of PowerShell
[10.473s] DEBUG:colcon.colcon_core.shell:Skip shell extension 'dsv' for command environment
[13.793s] INFO:colcon.colcon_core.task.python.build:Building Python package in '/home/rasprobo1/RoboIris/src/face_detector'
[13.796s] INFO:colcon.colcon_core.shell:Skip shell extension 'powershell' for command environment: Not usable outside of PowerShell
[13.797s] DEBUG:colcon.colcon_core.shell:Skip shell extension 'dsv' for command environment
[17.350s] INFO:colcon.colcon_core.task.python.build:Building Python package in '/home/rasprobo1/RoboIris/src/object_detector'
[17.353s] INFO:colcon.colcon_core.shell:Skip shell extension 'powershell' for command environment: Not usable outside of PowerShell
[17.353s] DEBUG:colcon.colcon_core.shell:Skip shell extension 'dsv' for command environment
[24.033s] DEBUG:colcon.colcon_core.event_handler.log_command:Invoking command in '/home/rasprobo1/RoboIris/src/arduino_bridge': PYTHONPATH=/home/rasprobo1/RoboIris/build/arduino_bridge/prefix_override:/usr/lib/python3/dist-packages/colcon_core/task/python/colcon_distutils_commands:/home/rasprobo1/RoboIris/install/arduino_bridge/lib/python3.10/site-packages:${PYTHONPATH} /usr/bin/python3 -W ignore:setup.py install is deprecated -W ignore:easy_install command is deprecated setup.py egg_info --egg-base ../../build/arduino_bridge build --build-base /home/rasprobo1/RoboIris/build/arduino_bridge/build install --record /home/rasprobo1/RoboIris/build/arduino_bridge/install.log --single-version-externally-managed install_data
[24.165s] DEBUG:colcon.colcon_core.event_handler.log_command:Invoking command in '/home/rasprobo1/RoboIris/src/object_detector': PYTHONPATH=/home/rasprobo1/RoboIris/build/object_detector/prefix_override:/usr/lib/python3/dist-packages/colcon_core/task/python/colcon_distutils_commands:/home/rasprobo1/RoboIris/install/object_detector/lib/python3.10/site-packages:${PYTHONPATH} /usr/bin/python3 -W ignore:setup.py install is deprecated -W ignore:easy_install command is deprecated setup.py egg_info --egg-base ../../build/object_detector build --build-base /home/rasprobo1/RoboIris/build/object_detector/build install --record /home/rasprobo1/RoboIris/build/object_detector/install.log --single-version-externally-managed install_data
[24.201s] DEBUG:colcon.colcon_core.event_handler.log_command:Invoking command in '/home/rasprobo1/RoboIris/src/face_detector': PYTHONPATH=/home/rasprobo1/RoboIris/build/face_detector/prefix_override:/usr/lib/python3/dist-packages/colcon_core/task/python/colcon_distutils_commands:/home/rasprobo1/RoboIris/install/face_detector/lib/python3.10/site-packages:${PYTHONPATH} /usr/bin/python3 -W ignore:setup.py install is deprecated -W ignore:easy_install command is deprecated setup.py egg_info --egg-base ../../build/face_detector build --build-base /home/rasprobo1/RoboIris/build/face_detector/build install --record /home/rasprobo1/RoboIris/build/face_detector/install.log --single-version-externally-managed install_data
[29.053s] DEBUG:colcon.colcon_core.event_handler.log_command:Invoked command in '/home/rasprobo1/RoboIris/src/object_detector' returned '0': PYTHONPATH=/home/rasprobo1/RoboIris/build/object_detector/prefix_override:/usr/lib/python3/dist-packages/colcon_core/task/python/colcon_distutils_commands:/home/rasprobo1/RoboIris/install/object_detector/lib/python3.10/site-packages:${PYTHONPATH} /usr/bin/python3 -W ignore:setup.py install is deprecated -W ignore:easy_install command is deprecated setup.py egg_info --egg-base ../../build/object_detector build --build-base /home/rasprobo1/RoboIris/build/object_detector/build install --record /home/rasprobo1/RoboIris/build/object_detector/install.log --single-version-externally-managed install_data
[29.125s] Level 1:colcon.colcon_core.environment:checking '/home/rasprobo1/RoboIris/install/object_detector' for CMake module files
[29.132s] Level 1:colcon.colcon_core.environment:checking '/home/rasprobo1/RoboIris/install/object_detector' for CMake config files
[29.144s] Level 1:colcon.colcon_core.environment:checking '/home/rasprobo1/RoboIris/install/object_detector/lib'
[29.146s] Level 1:colcon.colcon_core.environment:checking '/home/rasprobo1/RoboIris/install/object_detector/bin'
[29.148s] Level 1:colcon.colcon_core.environment:checking '/home/rasprobo1/RoboIris/install/object_detector/lib/pkgconfig/object_detector.pc'
[29.151s] Level 1:colcon.colcon_core.environment:checking '/home/rasprobo1/RoboIris/install/object_detector/lib/python3.10/site-packages'
[29.152s] Level 1:colcon.colcon_core.shell:create_environment_hook('object_detector', 'pythonpath')
[29.155s] INFO:colcon.colcon_core.shell:Creating environment hook '/home/rasprobo1/RoboIris/install/object_detector/share/object_detector/hook/pythonpath.ps1'
[29.160s] INFO:colcon.colcon_core.shell:Creating environment descriptor '/home/rasprobo1/RoboIris/install/object_detector/share/object_detector/hook/pythonpath.dsv'
[29.164s] INFO:colcon.colcon_core.shell:Creating environment hook '/home/rasprobo1/RoboIris/install/object_detector/share/object_detector/hook/pythonpath.sh'
[29.173s] Level 1:colcon.colcon_core.environment:checking '/home/rasprobo1/RoboIris/install/object_detector/bin'
[29.174s] Level 1:colcon.colcon_core.environment:create_environment_scripts_only(object_detector)
[29.178s] INFO:colcon.colcon_core.shell:Creating package script '/home/rasprobo1/RoboIris/install/object_detector/share/object_detector/package.ps1'
[29.196s] INFO:colcon.colcon_core.shell:Creating package descriptor '/home/rasprobo1/RoboIris/install/object_detector/share/object_detector/package.dsv'
[29.207s] INFO:colcon.colcon_core.shell:Creating package script '/home/rasprobo1/RoboIris/install/object_detector/share/object_detector/package.sh'
[29.228s] INFO:colcon.colcon_core.shell:Creating package script '/home/rasprobo1/RoboIris/install/object_detector/share/object_detector/package.bash'
[29.242s] INFO:colcon.colcon_core.shell:Creating package script '/home/rasprobo1/RoboIris/install/object_detector/share/object_detector/package.zsh'
[29.255s] Level 1:colcon.colcon_core.environment:create_file_with_runtime_dependencies(/home/rasprobo1/RoboIris/install/object_detector/share/colcon-core/packages/object_detector)
[29.273s] Level 1:colcon.colcon_core.environment:checking '/home/rasprobo1/RoboIris/install/arduino_bridge' for CMake module files
[29.285s] DEBUG:colcon.colcon_core.event_handler.log_command:Invoked command in '/home/rasprobo1/RoboIris/src/arduino_bridge' returned '0': PYTHONPATH=/home/rasprobo1/RoboIris/build/arduino_bridge/prefix_override:/usr/lib/python3/dist-packages/colcon_core/task/python/colcon_distutils_commands:/home/rasprobo1/RoboIris/install/arduino_bridge/lib/python3.10/site-packages:${PYTHONPATH} /usr/bin/python3 -W ignore:setup.py install is deprecated -W ignore:easy_install command is deprecated setup.py egg_info --egg-base ../../build/arduino_bridge build --build-base /home/rasprobo1/RoboIris/build/arduino_bridge/build install --record /home/rasprobo1/RoboIris/build/arduino_bridge/install.log --single-version-externally-managed install_data
[29.289s] Level 1:colcon.colcon_core.environment:checking '/home/rasprobo1/RoboIris/install/arduino_bridge' for CMake config files
[29.308s] Level 1:colcon.colcon_core.environment:checking '/home/rasprobo1/RoboIris/install/arduino_bridge/lib'
[29.310s] Level 1:colcon.colcon_core.environment:checking '/home/rasprobo1/RoboIris/install/arduino_bridge/bin'
[29.318s] Level 1:colcon.colcon_core.environment:checking '/home/rasprobo1/RoboIris/install/arduino_bridge/lib/pkgconfig/arduino_bridge.pc'
[29.322s] Level 1:colcon.colcon_core.environment:checking '/home/rasprobo1/RoboIris/install/arduino_bridge/lib/python3.10/site-packages'
[29.323s] Level 1:colcon.colcon_core.shell:create_environment_hook('arduino_bridge', 'pythonpath')
[29.328s] INFO:colcon.colcon_core.shell:Creating environment hook '/home/rasprobo1/RoboIris/install/arduino_bridge/share/arduino_bridge/hook/pythonpath.ps1'
[29.335s] INFO:colcon.colcon_core.shell:Creating environment descriptor '/home/rasprobo1/RoboIris/install/arduino_bridge/share/arduino_bridge/hook/pythonpath.dsv'
[29.341s] INFO:colcon.colcon_core.shell:Creating environment hook '/home/rasprobo1/RoboIris/install/arduino_bridge/share/arduino_bridge/hook/pythonpath.sh'
[29.351s] Level 1:colcon.colcon_core.environment:checking '/home/rasprobo1/RoboIris/install/arduino_bridge/bin'
[29.352s] Level 1:colcon.colcon_core.environment:create_environment_scripts_only(arduino_bridge)
[29.358s] INFO:colcon.colcon_core.shell:Creating package script '/home/rasprobo1/RoboIris/install/arduino_bridge/share/arduino_bridge/package.ps1'
[29.366s] INFO:colcon.colcon_core.shell:Creating package descriptor '/home/rasprobo1/RoboIris/install/arduino_bridge/share/arduino_bridge/package.dsv'
[29.375s] INFO:colcon.colcon_core.shell:Creating package script '/home/rasprobo1/RoboIris/install/arduino_bridge/share/arduino_bridge/package.sh'
[29.385s] INFO:colcon.colcon_core.shell:Creating package script '/home/rasprobo1/RoboIris/install/arduino_bridge/share/arduino_bridge/package.bash'
[29.392s] INFO:colcon.colcon_core.shell:Creating package script '/home/rasprobo1/RoboIris/install/arduino_bridge/share/arduino_bridge/package.zsh'
[29.398s] Level 1:colcon.colcon_core.environment:create_file_with_runtime_dependencies(/home/rasprobo1/RoboIris/install/arduino_bridge/share/colcon-core/packages/arduino_bridge)
[29.454s] Level 1:colcon.colcon_core.environment:checking '/home/rasprobo1/RoboIris/install/face_detector' for CMake module files
[29.459s] DEBUG:colcon.colcon_core.event_handler.log_command:Invoked command in '/home/rasprobo1/RoboIris/src/face_detector' returned '0': PYTHONPATH=/home/rasprobo1/RoboIris/build/face_detector/prefix_override:/usr/lib/python3/dist-packages/colcon_core/task/python/colcon_distutils_commands:/home/rasprobo1/RoboIris/install/face_detector/lib/python3.10/site-packages:${PYTHONPATH} /usr/bin/python3 -W ignore:setup.py install is deprecated -W ignore:easy_install command is deprecated setup.py egg_info --egg-base ../../build/face_detector build --build-base /home/rasprobo1/RoboIris/build/face_detector/build install --record /home/rasprobo1/RoboIris/build/face_detector/install.log --single-version-externally-managed install_data
[29.464s] Level 1:colcon.colcon_core.environment:checking '/home/rasprobo1/RoboIris/install/face_detector' for CMake config files
[29.474s] Level 1:colcon.colcon_core.environment:checking '/home/rasprobo1/RoboIris/install/face_detector/lib'
[29.475s] Level 1:colcon.colcon_core.environment:checking '/home/rasprobo1/RoboIris/install/face_detector/bin'
[29.476s] Level 1:colcon.colcon_core.environment:checking '/home/rasprobo1/RoboIris/install/face_detector/lib/pkgconfig/face_detector.pc'
[29.479s] Level 1:colcon.colcon_core.environment:checking '/home/rasprobo1/RoboIris/install/face_detector/lib/python3.10/site-packages'
[29.480s] Level 1:colcon.colcon_core.shell:create_environment_hook('face_detector', 'pythonpath')
[29.483s] INFO:colcon.colcon_core.shell:Creating environment hook '/home/rasprobo1/RoboIris/install/face_detector/share/face_detector/hook/pythonpath.ps1'
[29.488s] INFO:colcon.colcon_core.shell:Creating environment descriptor '/home/rasprobo1/RoboIris/install/face_detector/share/face_detector/hook/pythonpath.dsv'
[29.492s] INFO:colcon.colcon_core.shell:Creating environment hook '/home/rasprobo1/RoboIris/install/face_detector/share/face_detector/hook/pythonpath.sh'
[29.498s] Level 1:colcon.colcon_core.environment:checking '/home/rasprobo1/RoboIris/install/face_detector/bin'
[29.499s] Level 1:colcon.colcon_core.environment:create_environment_scripts_only(face_detector)
[29.503s] INFO:colcon.colcon_core.shell:Creating package script '/home/rasprobo1/RoboIris/install/face_detector/share/face_detector/package.ps1'
[29.508s] INFO:colcon.colcon_core.shell:Creating package descriptor '/home/rasprobo1/RoboIris/install/face_detector/share/face_detector/package.dsv'
[29.515s] INFO:colcon.colcon_core.shell:Creating package script '/home/rasprobo1/RoboIris/install/face_detector/share/face_detector/package.sh'
[29.521s] INFO:colcon.colcon_core.shell:Creating package script '/home/rasprobo1/RoboIris/install/face_detector/share/face_detector/package.bash'
[29.527s] INFO:colcon.colcon_core.shell:Creating package script '/home/rasprobo1/RoboIris/install/face_detector/share/face_detector/package.zsh'
[29.531s] Level 1:colcon.colcon_core.environment:create_file_with_runtime_dependencies(/home/rasprobo1/RoboIris/install/face_detector/share/colcon-core/packages/face_detector)
[29.534s] DEBUG:colcon.colcon_parallel_executor.executor.parallel:closing loop
[29.538s] DEBUG:colcon.colcon_parallel_executor.executor.parallel:loop closed
[29.539s] DEBUG:colcon.colcon_parallel_executor.executor.parallel:run_until_complete finished with '0'
[29.540s] DEBUG:colcon.colcon_core.event_reactor:joining thread
[29.597s] INFO:colcon.colcon_core.plugin_system:Skipping extension 'colcon_notification.desktop_notification.notify_send': Could not find 'notify-send'
[29.598s] INFO:colcon.colcon_core.plugin_system:Skipping extension 'colcon_notification.desktop_notification.terminal_notifier': Not used on non-Darwin systems
[29.599s] INFO:colcon.colcon_core.plugin_system:Skipping extension 'colcon_notification.desktop_notification.win32': Not used on non-Windows systems
[29.599s] INFO:colcon.colcon_notification.desktop_notification:Sending desktop notification using 'notify2'
[29.606s] DEBUG:colcon.colcon_notification.desktop_notification.notify2:Failed to initialize notify2: org.freedesktop.DBus.Error.ServiceUnknown: The name org.freedesktop.Notifications was not provided by any .service files
[29.607s] DEBUG:colcon.colcon_core.event_reactor:joined thread
[29.610s] INFO:colcon.colcon_core.shell:Creating prefix script '/home/rasprobo1/RoboIris/install/local_setup.ps1'
[29.621s] INFO:colcon.colcon_core.shell:Creating prefix util module '/home/rasprobo1/RoboIris/install/_local_setup_util_ps1.py'
[29.637s] INFO:colcon.colcon_core.shell:Creating prefix chain script '/home/rasprobo1/RoboIris/install/setup.ps1'
[29.648s] INFO:colcon.colcon_core.shell:Creating prefix script '/home/rasprobo1/RoboIris/install/local_setup.sh'
[29.655s] INFO:colcon.colcon_core.shell:Creating prefix util module '/home/rasprobo1/RoboIris/install/_local_setup_util_sh.py'
[29.662s] INFO:colcon.colcon_core.shell:Creating prefix chain script '/home/rasprobo1/RoboIris/install/setup.sh'
[29.673s] INFO:colcon.colcon_core.shell:Creating prefix script '/home/rasprobo1/RoboIris/install/local_setup.bash'
[29.680s] INFO:colcon.colcon_core.shell:Creating prefix chain script '/home/rasprobo1/RoboIris/install/setup.bash'
[29.691s] INFO:colcon.colcon_core.shell:Creating prefix script '/home/rasprobo1/RoboIris/install/local_setup.zsh'
[29.697s] INFO:colcon.colcon_core.shell:Creating prefix chain script '/home/rasprobo1/RoboIris/install/setup.zsh'
