[3.336s] DEBUG:colcon:Command line arguments: ['/usr/bin/colcon', 'build']
[3.337s] DEBUG:colcon:Parsed command line arguments: Namespace(log_base=None, log_level=None, verb_name='build', build_base='build', install_base='install', merge_install=False, symlink_install=False, test_result_base=None, continue_on_error=False, executor='parallel', parallel_workers=4, event_handlers=None, ignore_user_meta=False, metas=['./colcon.meta'], base_paths=['.'], packages_ignore=None, packages_ignore_regex=None, paths=None, packages_up_to=None, packages_up_to_regex=None, packages_above=None, packages_above_and_dependencies=None, packages_above_depth=None, packages_select_by_dep=None, packages_skip_by_dep=None, packages_skip_up_to=None, packages_select_build_failed=False, packages_skip_build_finished=False, packages_select_test_failures=False, packages_skip_test_passed=False, packages_select=None, packages_skip=None, packages_select_regex=None, packages_skip_regex=None, packages_start=None, packages_end=None, allow_overriding=[], cmake_args=None, cmake_target=None, cmake_target_skip_unavailable=False, cmake_clean_cache=False, cmake_clean_first=False, cmake_force_configure=False, meson_args=[], ament_cmake_args=None, catkin_cmake_args=None, catkin_skip_building_tests=False, mixin_files=None, mixin=None, verb_parser=<colcon_mixin.mixin.mixin_argument.MixinArgumentDecorator object at 0xffffa868e0e0>, verb_extension=<colcon_core.verb.build.BuildVerb object at 0xffffa8837070>, main=<bound method BuildVerb.main of <colcon_core.verb.build.BuildVerb object at 0xffffa8837070>>, mixin_verb=('build',))
[6.214s] Level 1:colcon.colcon_core.package_discovery:discover_packages(colcon_meta) check parameters
[6.214s] Level 1:colcon.colcon_core.package_discovery:discover_packages(recursive) check parameters
[6.214s] Level 1:colcon.colcon_core.package_discovery:discover_packages(ignore) check parameters
[6.215s] Level 1:colcon.colcon_core.package_discovery:discover_packages(path) check parameters
[6.215s] Level 1:colcon.colcon_core.package_discovery:discover_packages(colcon_meta) discover
[6.215s] Level 1:colcon.colcon_core.package_discovery:discover_packages(recursive) discover
[6.215s] INFO:colcon.colcon_core.package_discovery:Crawling recursively for packages in '/home/rasprobo1/RoboIris'
[6.216s] Level 1:colcon.colcon_core.package_identification:_identify(.) by extensions ['ignore', 'ignore_ament_install']
[6.217s] Level 1:colcon.colcon_core.package_identification:_identify(.) by extension 'ignore'
[6.217s] Level 1:colcon.colcon_core.package_identification:_identify(.) by extension 'ignore_ament_install'
[6.217s] Level 1:colcon.colcon_core.package_identification:_identify(.) by extensions ['colcon_pkg']
[6.218s] Level 1:colcon.colcon_core.package_identification:_identify(.) by extension 'colcon_pkg'
[6.218s] Level 1:colcon.colcon_core.package_identification:_identify(.) by extensions ['colcon_meta']
[6.218s] Level 1:colcon.colcon_core.package_identification:_identify(.) by extension 'colcon_meta'
[6.218s] Level 1:colcon.colcon_core.package_identification:_identify(.) by extensions ['ros']
[6.218s] Level 1:colcon.colcon_core.package_identification:_identify(.) by extension 'ros'
[6.338s] Level 1:colcon.colcon_core.package_identification:_identify(.) by extensions ['cmake', 'meson', 'python']
[6.339s] Level 1:colcon.colcon_core.package_identification:_identify(.) by extension 'cmake'
[6.340s] Level 1:colcon.colcon_core.package_identification:_identify(.) by extension 'meson'
[6.345s] ERROR:colcon.colcon_core.package_identification:Exception in package identification extension 'meson' in '.': InterpreterBase.__init__() missing 2 required positional arguments: 'subproject_dir' and 'env'
Traceback (most recent call last):
  File "/usr/lib/python3/dist-packages/colcon_core/package_identification/__init__.py", line 144, in _identify
    retval = extension.identify(_reused_descriptor_instance)
  File "/usr/lib/python3/dist-packages/colcon_meson/identification.py", line 122, in identify
    parser = CustomInterpreter(desc.path, "", "")
  File "/usr/lib/python3/dist-packages/colcon_meson/identification.py", line 26, in __init__
    super().__init__(source_root, subdir, subproject)
TypeError: InterpreterBase.__init__() missing 2 required positional arguments: 'subproject_dir' and 'env'

[6.346s] Level 1:colcon.colcon_core.package_identification:_identify(.) by extension 'python'
[6.347s] Level 1:colcon.colcon_core.package_identification:_identify(.) by extensions ['python_setup_py']
[6.348s] Level 1:colcon.colcon_core.package_identification:_identify(.) by extension 'python_setup_py'
[6.349s] Level 1:colcon.colcon_core.package_identification:_identify(build) by extensions ['ignore', 'ignore_ament_install']
[6.350s] Level 1:colcon.colcon_core.package_identification:_identify(build) by extension 'ignore'
[6.350s] Level 1:colcon.colcon_core.package_identification:_identify(build) ignored
[6.353s] Level 1:colcon.colcon_core.package_identification:_identify(install) by extensions ['ignore', 'ignore_ament_install']
[6.354s] Level 1:colcon.colcon_core.package_identification:_identify(install) by extension 'ignore'
[6.354s] Level 1:colcon.colcon_core.package_identification:_identify(install) ignored
[6.356s] Level 1:colcon.colcon_core.package_identification:_identify(log) by extensions ['ignore', 'ignore_ament_install']
[6.357s] Level 1:colcon.colcon_core.package_identification:_identify(log) by extension 'ignore'
[6.357s] Level 1:colcon.colcon_core.package_identification:_identify(log) ignored
[6.358s] Level 1:colcon.colcon_core.package_identification:_identify(src) by extensions ['ignore', 'ignore_ament_install']
[6.359s] Level 1:colcon.colcon_core.package_identification:_identify(src) by extension 'ignore'
[6.360s] Level 1:colcon.colcon_core.package_identification:_identify(src) by extension 'ignore_ament_install'
[6.360s] Level 1:colcon.colcon_core.package_identification:_identify(src) by extensions ['colcon_pkg']
[6.361s] Level 1:colcon.colcon_core.package_identification:_identify(src) by extension 'colcon_pkg'
[6.361s] Level 1:colcon.colcon_core.package_identification:_identify(src) by extensions ['colcon_meta']
[6.361s] Level 1:colcon.colcon_core.package_identification:_identify(src) by extension 'colcon_meta'
[6.362s] Level 1:colcon.colcon_core.package_identification:_identify(src) by extensions ['ros']
[6.362s] Level 1:colcon.colcon_core.package_identification:_identify(src) by extension 'ros'
[6.363s] Level 1:colcon.colcon_core.package_identification:_identify(src) by extensions ['cmake', 'meson', 'python']
[6.364s] Level 1:colcon.colcon_core.package_identification:_identify(src) by extension 'cmake'
[6.364s] Level 1:colcon.colcon_core.package_identification:_identify(src) by extension 'meson'
[6.366s] ERROR:colcon.colcon_core.package_identification:Exception in package identification extension 'meson' in 'src': InterpreterBase.__init__() missing 2 required positional arguments: 'subproject_dir' and 'env'
Traceback (most recent call last):
  File "/usr/lib/python3/dist-packages/colcon_core/package_identification/__init__.py", line 144, in _identify
    retval = extension.identify(_reused_descriptor_instance)
  File "/usr/lib/python3/dist-packages/colcon_meson/identification.py", line 122, in identify
    parser = CustomInterpreter(desc.path, "", "")
  File "/usr/lib/python3/dist-packages/colcon_meson/identification.py", line 26, in __init__
    super().__init__(source_root, subdir, subproject)
TypeError: InterpreterBase.__init__() missing 2 required positional arguments: 'subproject_dir' and 'env'

[6.367s] Level 1:colcon.colcon_core.package_identification:_identify(src) by extension 'python'
[6.368s] Level 1:colcon.colcon_core.package_identification:_identify(src) by extensions ['python_setup_py']
[6.369s] Level 1:colcon.colcon_core.package_identification:_identify(src) by extension 'python_setup_py'
[6.370s] Level 1:colcon.colcon_core.package_identification:_identify(src/arduino_bridge) by extensions ['ignore', 'ignore_ament_install']
[6.372s] Level 1:colcon.colcon_core.package_identification:_identify(src/arduino_bridge) by extension 'ignore'
[6.372s] Level 1:colcon.colcon_core.package_identification:_identify(src/arduino_bridge) by extension 'ignore_ament_install'
[6.373s] Level 1:colcon.colcon_core.package_identification:_identify(src/arduino_bridge) by extensions ['colcon_pkg']
[6.374s] Level 1:colcon.colcon_core.package_identification:_identify(src/arduino_bridge) by extension 'colcon_pkg'
[6.374s] Level 1:colcon.colcon_core.package_identification:_identify(src/arduino_bridge) by extensions ['colcon_meta']
[6.375s] Level 1:colcon.colcon_core.package_identification:_identify(src/arduino_bridge) by extension 'colcon_meta'
[6.376s] Level 1:colcon.colcon_core.package_identification:_identify(src/arduino_bridge) by extensions ['ros']
[6.376s] Level 1:colcon.colcon_core.package_identification:_identify(src/arduino_bridge) by extension 'ros'
[6.405s] DEBUG:colcon.colcon_core.package_identification:Package 'src/arduino_bridge' with type 'ros.ament_python' and name 'arduino_bridge'
[6.408s] Level 1:colcon.colcon_core.package_identification:_identify(src/face_detector) by extensions ['ignore', 'ignore_ament_install']
[6.409s] Level 1:colcon.colcon_core.package_identification:_identify(src/face_detector) by extension 'ignore'
[6.409s] Level 1:colcon.colcon_core.package_identification:_identify(src/face_detector) by extension 'ignore_ament_install'
[6.410s] Level 1:colcon.colcon_core.package_identification:_identify(src/face_detector) by extensions ['colcon_pkg']
[6.410s] Level 1:colcon.colcon_core.package_identification:_identify(src/face_detector) by extension 'colcon_pkg'
[6.411s] Level 1:colcon.colcon_core.package_identification:_identify(src/face_detector) by extensions ['colcon_meta']
[6.411s] Level 1:colcon.colcon_core.package_identification:_identify(src/face_detector) by extension 'colcon_meta'
[6.412s] Level 1:colcon.colcon_core.package_identification:_identify(src/face_detector) by extensions ['ros']
[6.412s] Level 1:colcon.colcon_core.package_identification:_identify(src/face_detector) by extension 'ros'
[6.421s] DEBUG:colcon.colcon_core.package_identification:Package 'src/face_detector' with type 'ros.ament_python' and name 'face_detector'
[6.423s] Level 1:colcon.colcon_core.package_identification:_identify(src/object_detector) by extensions ['ignore', 'ignore_ament_install']
[6.424s] Level 1:colcon.colcon_core.package_identification:_identify(src/object_detector) by extension 'ignore'
[6.424s] Level 1:colcon.colcon_core.package_identification:_identify(src/object_detector) by extension 'ignore_ament_install'
[6.425s] Level 1:colcon.colcon_core.package_identification:_identify(src/object_detector) by extensions ['colcon_pkg']
[6.425s] Level 1:colcon.colcon_core.package_identification:_identify(src/object_detector) by extension 'colcon_pkg'
[6.426s] Level 1:colcon.colcon_core.package_identification:_identify(src/object_detector) by extensions ['colcon_meta']
[6.426s] Level 1:colcon.colcon_core.package_identification:_identify(src/object_detector) by extension 'colcon_meta'
[6.427s] Level 1:colcon.colcon_core.package_identification:_identify(src/object_detector) by extensions ['ros']
[6.427s] Level 1:colcon.colcon_core.package_identification:_identify(src/object_detector) by extension 'ros'
[6.435s] DEBUG:colcon.colcon_core.package_identification:Package 'src/object_detector' with type 'ros.ament_python' and name 'object_detector'
[6.436s] Level 1:colcon.colcon_core.package_discovery:discover_packages(recursive) using defaults
[6.437s] Level 1:colcon.colcon_core.package_discovery:discover_packages(ignore) discover
[6.437s] Level 1:colcon.colcon_core.package_discovery:discover_packages(ignore) using defaults
[6.438s] Level 1:colcon.colcon_core.package_discovery:discover_packages(path) discover
[6.438s] Level 1:colcon.colcon_core.package_discovery:discover_packages(path) using defaults
[6.651s] Level 1:colcon.colcon_core.package_discovery:discover_packages(prefix_path) check parameters
[6.652s] Level 1:colcon.colcon_core.package_discovery:discover_packages(prefix_path) discover
[6.706s] DEBUG:colcon.colcon_installed_package_information.package_discovery:Found 334 installed packages in /opt/ros/humble
[6.737s] Level 1:colcon.colcon_core.package_discovery:discover_packages(prefix_path) using defaults
[7.539s] Level 5:colcon.colcon_core.verb:set package 'arduino_bridge' build argument 'cmake_args' from command line to 'None'
[7.540s] Level 5:colcon.colcon_core.verb:set package 'arduino_bridge' build argument 'cmake_target' from command line to 'None'
[7.540s] Level 5:colcon.colcon_core.verb:set package 'arduino_bridge' build argument 'cmake_target_skip_unavailable' from command line to 'False'
[7.540s] Level 5:colcon.colcon_core.verb:set package 'arduino_bridge' build argument 'cmake_clean_cache' from command line to 'False'
[7.541s] Level 5:colcon.colcon_core.verb:set package 'arduino_bridge' build argument 'cmake_clean_first' from command line to 'False'
[7.541s] Level 5:colcon.colcon_core.verb:set package 'arduino_bridge' build argument 'cmake_force_configure' from command line to 'False'
[7.541s] Level 5:colcon.colcon_core.verb:set package 'arduino_bridge' build argument 'meson_args' from command line to '[]'
[7.542s] Level 5:colcon.colcon_core.verb:set package 'arduino_bridge' build argument 'ament_cmake_args' from command line to 'None'
[7.542s] Level 5:colcon.colcon_core.verb:set package 'arduino_bridge' build argument 'catkin_cmake_args' from command line to 'None'
[7.542s] Level 5:colcon.colcon_core.verb:set package 'arduino_bridge' build argument 'catkin_skip_building_tests' from command line to 'False'
[7.543s] DEBUG:colcon.colcon_core.verb:Building package 'arduino_bridge' with the following arguments: {'ament_cmake_args': None, 'build_base': '/home/rasprobo1/RoboIris/build/arduino_bridge', 'catkin_cmake_args': None, 'catkin_skip_building_tests': False, 'cmake_args': None, 'cmake_clean_cache': False, 'cmake_clean_first': False, 'cmake_force_configure': False, 'cmake_target': None, 'cmake_target_skip_unavailable': False, 'install_base': '/home/rasprobo1/RoboIris/install/arduino_bridge', 'merge_install': False, 'meson_args': [], 'path': '/home/rasprobo1/RoboIris/src/arduino_bridge', 'symlink_install': False, 'test_result_base': None}
[7.742s] Level 5:colcon.colcon_core.verb:set package 'face_detector' build argument 'cmake_args' from command line to 'None'
[7.742s] Level 5:colcon.colcon_core.verb:set package 'face_detector' build argument 'cmake_target' from command line to 'None'
[7.743s] Level 5:colcon.colcon_core.verb:set package 'face_detector' build argument 'cmake_target_skip_unavailable' from command line to 'False'
[7.743s] Level 5:colcon.colcon_core.verb:set package 'face_detector' build argument 'cmake_clean_cache' from command line to 'False'
[7.744s] Level 5:colcon.colcon_core.verb:set package 'face_detector' build argument 'cmake_clean_first' from command line to 'False'
[7.744s] Level 5:colcon.colcon_core.verb:set package 'face_detector' build argument 'cmake_force_configure' from command line to 'False'
[7.744s] Level 5:colcon.colcon_core.verb:set package 'face_detector' build argument 'meson_args' from command line to '[]'
[7.745s] Level 5:colcon.colcon_core.verb:set package 'face_detector' build argument 'ament_cmake_args' from command line to 'None'
[7.745s] Level 5:colcon.colcon_core.verb:set package 'face_detector' build argument 'catkin_cmake_args' from command line to 'None'
[7.745s] Level 5:colcon.colcon_core.verb:set package 'face_detector' build argument 'catkin_skip_building_tests' from command line to 'False'
[7.746s] DEBUG:colcon.colcon_core.verb:Building package 'face_detector' with the following arguments: {'ament_cmake_args': None, 'build_base': '/home/rasprobo1/RoboIris/build/face_detector', 'catkin_cmake_args': None, 'catkin_skip_building_tests': False, 'cmake_args': None, 'cmake_clean_cache': False, 'cmake_clean_first': False, 'cmake_force_configure': False, 'cmake_target': None, 'cmake_target_skip_unavailable': False, 'install_base': '/home/rasprobo1/RoboIris/install/face_detector', 'merge_install': False, 'meson_args': [], 'path': '/home/rasprobo1/RoboIris/src/face_detector', 'symlink_install': False, 'test_result_base': None}
[7.952s] Level 5:colcon.colcon_core.verb:set package 'object_detector' build argument 'cmake_args' from command line to 'None'
[7.952s] Level 5:colcon.colcon_core.verb:set package 'object_detector' build argument 'cmake_target' from command line to 'None'
[7.953s] Level 5:colcon.colcon_core.verb:set package 'object_detector' build argument 'cmake_target_skip_unavailable' from command line to 'False'
[7.953s] Level 5:colcon.colcon_core.verb:set package 'object_detector' build argument 'cmake_clean_cache' from command line to 'False'
[7.953s] Level 5:colcon.colcon_core.verb:set package 'object_detector' build argument 'cmake_clean_first' from command line to 'False'
[7.953s] Level 5:colcon.colcon_core.verb:set package 'object_detector' build argument 'cmake_force_configure' from command line to 'False'
[7.954s] Level 5:colcon.colcon_core.verb:set package 'object_detector' build argument 'meson_args' from command line to '[]'
[7.954s] Level 5:colcon.colcon_core.verb:set package 'object_detector' build argument 'ament_cmake_args' from command line to 'None'
[7.954s] Level 5:colcon.colcon_core.verb:set package 'object_detector' build argument 'catkin_cmake_args' from command line to 'None'
[7.955s] Level 5:colcon.colcon_core.verb:set package 'object_detector' build argument 'catkin_skip_building_tests' from command line to 'False'
[7.955s] DEBUG:colcon.colcon_core.verb:Building package 'object_detector' with the following arguments: {'ament_cmake_args': None, 'build_base': '/home/rasprobo1/RoboIris/build/object_detector', 'catkin_cmake_args': None, 'catkin_skip_building_tests': False, 'cmake_args': None, 'cmake_clean_cache': False, 'cmake_clean_first': False, 'cmake_force_configure': False, 'cmake_target': None, 'cmake_target_skip_unavailable': False, 'install_base': '/home/rasprobo1/RoboIris/install/object_detector', 'merge_install': False, 'meson_args': [], 'path': '/home/rasprobo1/RoboIris/src/object_detector', 'symlink_install': False, 'test_result_base': None}
[7.957s] INFO:colcon.colcon_core.executor:Executing jobs using 'parallel' executor
[7.964s] DEBUG:colcon.colcon_parallel_executor.executor.parallel:run_until_complete
[7.966s] INFO:colcon.colcon_ros.task.ament_python.build:Building ROS package in '/home/rasprobo1/RoboIris/src/arduino_bridge' with build type 'ament_python'
[7.968s] Level 1:colcon.colcon_core.shell:create_environment_hook('arduino_bridge', 'ament_prefix_path')
[8.013s] INFO:colcon.colcon_core.plugin_system:Skipping extension 'colcon_core.shell.bat': Not used on non-Windows systems
[8.015s] INFO:colcon.colcon_core.shell:Creating environment hook '/home/rasprobo1/RoboIris/install/arduino_bridge/share/arduino_bridge/hook/ament_prefix_path.ps1'
[8.023s] INFO:colcon.colcon_core.shell:Creating environment descriptor '/home/rasprobo1/RoboIris/install/arduino_bridge/share/arduino_bridge/hook/ament_prefix_path.dsv'
[8.030s] INFO:colcon.colcon_core.shell:Creating environment hook '/home/rasprobo1/RoboIris/install/arduino_bridge/share/arduino_bridge/hook/ament_prefix_path.sh'
[8.041s] INFO:colcon.colcon_core.shell:Skip shell extension 'powershell' for command environment: Not usable outside of PowerShell
[8.042s] DEBUG:colcon.colcon_core.shell:Skip shell extension 'dsv' for command environment
[8.092s] INFO:colcon.colcon_ros.task.ament_python.build:Building ROS package in '/home/rasprobo1/RoboIris/src/face_detector' with build type 'ament_python'
[8.093s] Level 1:colcon.colcon_core.shell:create_environment_hook('face_detector', 'ament_prefix_path')
[8.095s] INFO:colcon.colcon_core.shell:Creating environment hook '/home/rasprobo1/RoboIris/install/face_detector/share/face_detector/hook/ament_prefix_path.ps1'
[8.102s] INFO:colcon.colcon_core.shell:Creating environment descriptor '/home/rasprobo1/RoboIris/install/face_detector/share/face_detector/hook/ament_prefix_path.dsv'
[8.107s] INFO:colcon.colcon_core.shell:Creating environment hook '/home/rasprobo1/RoboIris/install/face_detector/share/face_detector/hook/ament_prefix_path.sh'
[8.115s] INFO:colcon.colcon_core.shell:Skip shell extension 'powershell' for command environment: Not usable outside of PowerShell
[8.116s] DEBUG:colcon.colcon_core.shell:Skip shell extension 'dsv' for command environment
[8.160s] INFO:colcon.colcon_ros.task.ament_python.build:Building ROS package in '/home/rasprobo1/RoboIris/src/object_detector' with build type 'ament_python'
[8.161s] Level 1:colcon.colcon_core.shell:create_environment_hook('object_detector', 'ament_prefix_path')
[8.164s] INFO:colcon.colcon_core.shell:Creating environment hook '/home/rasprobo1/RoboIris/install/object_detector/share/object_detector/hook/ament_prefix_path.ps1'
[8.171s] INFO:colcon.colcon_core.shell:Creating environment descriptor '/home/rasprobo1/RoboIris/install/object_detector/share/object_detector/hook/ament_prefix_path.dsv'
[8.178s] INFO:colcon.colcon_core.shell:Creating environment hook '/home/rasprobo1/RoboIris/install/object_detector/share/object_detector/hook/ament_prefix_path.sh'
[8.187s] INFO:colcon.colcon_core.shell:Skip shell extension 'powershell' for command environment: Not usable outside of PowerShell
[8.187s] DEBUG:colcon.colcon_core.shell:Skip shell extension 'dsv' for command environment
[8.834s] DEBUG:colcon.colcon_parallel_executor.executor.parallel:run_until_complete was interrupted
[8.837s] DEBUG:colcon.colcon_parallel_executor.executor.parallel:run_until_complete again
[12.309s] INFO:colcon.colcon_core.task.python.build:Building Python package in '/home/rasprobo1/RoboIris/src/face_detector'
[12.312s] INFO:colcon.colcon_core.shell:Skip shell extension 'powershell' for command environment: Not usable outside of PowerShell
[12.312s] DEBUG:colcon.colcon_core.shell:Skip shell extension 'dsv' for command environment
[12.384s] DEBUG:colcon.colcon_parallel_executor.executor.parallel:run_until_complete finished
[12.384s] DEBUG:colcon.colcon_parallel_executor.executor.parallel:closing loop
[12.385s] DEBUG:colcon.colcon_parallel_executor.executor.parallel:loop closed
[12.385s] DEBUG:colcon.colcon_core.event_reactor:joining thread
[12.459s] INFO:colcon.colcon_core.plugin_system:Skipping extension 'colcon_notification.desktop_notification.notify_send': Could not find 'notify-send'
[12.460s] INFO:colcon.colcon_core.plugin_system:Skipping extension 'colcon_notification.desktop_notification.terminal_notifier': Not used on non-Darwin systems
[12.461s] INFO:colcon.colcon_core.plugin_system:Skipping extension 'colcon_notification.desktop_notification.win32': Not used on non-Windows systems
[12.461s] INFO:colcon.colcon_notification.desktop_notification:Sending desktop notification using 'notify2'
[12.469s] DEBUG:colcon.colcon_notification.desktop_notification.notify2:Failed to initialize notify2: org.freedesktop.DBus.Error.ServiceUnknown: The name org.freedesktop.Notifications was not provided by any .service files
[12.471s] DEBUG:colcon.colcon_core.event_reactor:joined thread
[12.474s] INFO:colcon.colcon_core.shell:Creating prefix script '/home/rasprobo1/RoboIris/install/local_setup.ps1'
[12.485s] INFO:colcon.colcon_core.shell:Creating prefix util module '/home/rasprobo1/RoboIris/install/_local_setup_util_ps1.py'
[12.504s] INFO:colcon.colcon_core.shell:Creating prefix chain script '/home/rasprobo1/RoboIris/install/setup.ps1'
[12.516s] INFO:colcon.colcon_core.shell:Creating prefix script '/home/rasprobo1/RoboIris/install/local_setup.sh'
[12.523s] INFO:colcon.colcon_core.shell:Creating prefix util module '/home/rasprobo1/RoboIris/install/_local_setup_util_sh.py'
[12.530s] INFO:colcon.colcon_core.shell:Creating prefix chain script '/home/rasprobo1/RoboIris/install/setup.sh'
[12.547s] INFO:colcon.colcon_core.shell:Creating prefix script '/home/rasprobo1/RoboIris/install/local_setup.bash'
[12.562s] INFO:colcon.colcon_core.shell:Creating prefix chain script '/home/rasprobo1/RoboIris/install/setup.bash'
[12.586s] INFO:colcon.colcon_core.shell:Creating prefix script '/home/rasprobo1/RoboIris/install/local_setup.zsh'
[12.600s] INFO:colcon.colcon_core.shell:Creating prefix chain script '/home/rasprobo1/RoboIris/install/setup.zsh'
